Run preprocessing analysis (omitting ineffective from table)
 name      &   size & density% & shrink% &   [ms] \\
G55        &   5000 &     0.12 &    0.62 &    398 \\
G56        &   5000 &     0.12 &    0.62 &    400 \\
G60        &   7000 &     0.08 &    0.61 &    783 \\
G61        &   7000 &     0.08 &    0.61 &    774 \\
G70        &  10000 &     0.03 &   13.54 &   1639 \\
bqp100.1   &    100 &     9.39 &    4.00 &      0 \\
bqp100.10  &    100 &     9.82 &    3.00 &      0 \\
bqp100.2   &    100 &     9.76 &    1.00 &      0 \\
bqp100.4   &    100 &     9.62 &    1.00 &      0 \\
bqp100.5   &    100 &     9.30 &    4.00 &      0 \\
bqp100.6   &    100 &    10.38 &    5.00 &      0 \\
bqp100.7   &    100 &     9.47 &    2.00 &      0 \\
bqp100.8   &    100 &     9.91 &    3.00 &      0 \\
bqp100.9   &    100 &    10.13 &    2.00 &      0 \\
bqp50.1    &     50 &     8.76 &   10.00 &      0 \\
bqp50.10   &     50 &     8.76 &   50.00 &      0 \\
bqp50.2    &     50 &     9.72 &   26.00 &      0 \\
bqp50.3    &     50 &    10.72 &   36.00 &      0 \\
bqp50.4    &     50 &     9.04 &   66.00 &      0 \\
bqp50.5    &     50 &    10.76 &   62.00 &      0 \\
bqp50.6    &     50 &     8.64 &   32.00 &      0 \\
bqp50.7    &     50 &    10.04 &   74.00 &      0 \\
bqp50.8    &     50 &    11.36 &   28.00 &      0 \\
bqp50.9    &     50 &    10.04 &   42.00 &      0 \\
Percentage of effective preprocess runs: 15.79%
