Run dsf tuning
Size shrunk from 1000 to 1000
Time(ms) | Phase nr. | It | Phase It | Phase Type | objective | best obj. | move type
0 | 1 | 1 | 1 | Search | -349399 | -349399 | Global Improvement.
0 | 1 | 2 | 2 | Search | -349517 | -349517 | Global Improvement.
0 | 1 | 3 | 3 | Search | -349593 | -349593 | Global Improvement.
0 | 1 | 4 | 4 | Search | -349667 | -349667 | Global Improvement.
0 | 1 | 5 | 5 | Search | -349709 | -349709 | Global Improvement.
1 | 1 | 6 | 6 | Search | -349773 | -349773 | Global Improvement.
1 | 1 | 7 | 7 | Search | -349833 | -349833 | Global Improvement.
1 | 1 | 8 | 8 | Search | -349914 | -349914 | Global Improvement.
1 | 1 | 9 | 9 | Search | -350112 | -350112 | Global Improvement.
1 | 1 | 10 | 10 | Search | -350208 | -350208 | Global Improvement.
1 | 1 | 11 | 11 | Search | -350228 | -350228 | Global Improvement.
1 | 1 | 12 | 12 | Search | -350244 | -350244 | Global Improvement.
1 | 1 | 13 | 13 | Search | -350246 | -350246 | Global Improvement.
1 | 1 | 14 | 14 | Search | -350292 | -350292 | Global Improvement.
1 | 1 | 15 | 15 | Search | -350334 | -350334 | Global Improvement.
1 | 1 | 17 | 17 | Search | -350366 | -350366 | Global Improvement.
1 | 1 | 18 | 18 | Search | -350458 | -350458 | Global Improvement.
2 | 1 | 19 | 19 | Search | -350492 | -350492 | Global Improvement.
2 | 1 | 22 | 22 | Search | -350497 | -350497 | Global Improvement.
2 | 1 | 23 | 23 | Search | -350531 | -350531 | Global Improvement.
2 | 1 | 24 | 24 | Search | -350619 | -350619 | Global Improvement.
2 | 1 | 25 | 25 | Search | -350659 | -350659 | Global Improvement.
2 | 1 | 26 | 26 | Search | -350803 | -350803 | Global Improvement.
2 | 1 | 27 | 27 | Search | -350887 | -350887 | Global Improvement.
2 | 1 | 28 | 28 | Search | -350957 | -350957 | Global Improvement.
2 | 1 | 29 | 29 | Search | -351049 | -351049 | Global Improvement.
2 | 1 | 30 | 30 | Search | -351125 | -351125 | Global Improvement.
2 | 1 | 31 | 31 | Search | -351285 | -351285 | Global Improvement.
3 | 1 | 32 | 32 | Search | -351419 | -351419 | Global Improvement.
3 | 1 | 33 | 33 | Search | -351486 | -351486 | Global Improvement.
3 | 1 | 34 | 34 | Search | -351522 | -351522 | Global Improvement.
3 | 1 | 45 | 45 | Search | -351582 | -351582 | Global Improvement.
3 | 1 | 46 | 46 | Search | -351616 | -351616 | Global Improvement.
3 | 1 | 47 | 47 | Search | -351706 | -351706 | Global Improvement.
3 | 1 | 48 | 48 | Search | -351762 | -351762 | Global Improvement.
3 | 1 | 49 | 49 | Search | -351794 | -351794 | Global Improvement.
3 | 1 | 50 | 50 | Search | -351845 | -351845 | Global Improvement.
3 | 1 | 51 | 51 | Search | -351863 | -351863 | Global Improvement.
4 | 1 | 54 | 54 | Search | -351921 | -351921 | Global Improvement.
4 | 1 | 55 | 55 | Search | -351929 | -351929 | Global Improvement.
4 | 1 | 59 | 59 | Search | -352037 | -352037 | Global Improvement.
4 | 1 | 60 | 60 | Search | -352047 | -352047 | Global Improvement.
4 | 1 | 63 | 63 | Search | -352067 | -352067 | Global Improvement.
4 | 1 | 64 | 64 | Search | -352111 | -352111 | Global Improvement.
4 | 1 | 65 | 65 | Search | -352127 | -352127 | Global Improvement.
4 | 1 | 66 | 66 | Search | -352141 | -352141 | Global Improvement.
4 | 1 | 69 | 69 | Search | -352191 | -352191 | Global Improvement.
4 | 1 | 70 | 70 | Search | -352241 | -352241 | Global Improvement.
11 | 1 | 305 | 305 | Search | -352276 | -352276 | Global Improvement.
11 | 1 | 306 | 306 | Search | -352320 | -352320 | Global Improvement.
11 | 1 | 307 | 307 | Search | -352334 | -352334 | Global Improvement.
108 | 5 | 3344 | 37 | Search | -352397 | -352397 | Global Improvement.
108 | 5 | 3345 | 38 | Search | -352433 | -352433 | Global Improvement.
258 | 11 | 8187 | 342 | Search | -352434 | -352434 | Global Improvement.
258 | 11 | 8188 | 343 | Search | -352478 | -352478 | Global Improvement.
262 | 11 | 8361 | 516 | Search | -352484 | -352484 | Global Improvement.
262 | 11 | 8362 | 517 | Search | -352618 | -352618 | Global Improvement.
262 | 11 | 8363 | 518 | Search | -352692 | -352692 | Global Improvement.

 Optimization finished in 4.351882602s. 
 Objective of best solution found: -352692
Time(ms) | Phase nr. | It | Phase It | Phase Type | objective | best obj. | move type
0 | 1 | 1 | 1 | Search | -349399 | -349399 | Global Improvement.
0 | 1 | 2 | 2 | Search | -349517 | -349517 | Global Improvement.
0 | 1 | 3 | 3 | Search | -349593 | -349593 | Global Improvement.
0 | 1 | 4 | 4 | Search | -349667 | -349667 | Global Improvement.
0 | 1 | 5 | 5 | Search | -349709 | -349709 | Global Improvement.
0 | 1 | 6 | 6 | Search | -349773 | -349773 | Global Improvement.
0 | 1 | 7 | 7 | Search | -349833 | -349833 | Global Improvement.
0 | 1 | 8 | 8 | Search | -349914 | -349914 | Global Improvement.
0 | 1 | 9 | 9 | Search | -350112 | -350112 | Global Improvement.
0 | 1 | 10 | 10 | Search | -350208 | -350208 | Global Improvement.
0 | 1 | 11 | 11 | Search | -350228 | -350228 | Global Improvement.
0 | 1 | 12 | 12 | Search | -350244 | -350244 | Global Improvement.
0 | 1 | 13 | 13 | Search | -350246 | -350246 | Global Improvement.
0 | 1 | 14 | 14 | Search | -350292 | -350292 | Global Improvement.
0 | 1 | 15 | 15 | Search | -350334 | -350334 | Global Improvement.
0 | 1 | 17 | 17 | Search | -350366 | -350366 | Global Improvement.
0 | 1 | 18 | 18 | Search | -350458 | -350458 | Global Improvement.
0 | 1 | 19 | 19 | Search | -350492 | -350492 | Global Improvement.
0 | 1 | 22 | 22 | Search | -350497 | -350497 | Global Improvement.
0 | 1 | 23 | 23 | Search | -350531 | -350531 | Global Improvement.
0 | 1 | 24 | 24 | Search | -350619 | -350619 | Global Improvement.
1 | 1 | 25 | 25 | Search | -350659 | -350659 | Global Improvement.
1 | 1 | 26 | 26 | Search | -350803 | -350803 | Global Improvement.
1 | 1 | 27 | 27 | Search | -350887 | -350887 | Global Improvement.
1 | 1 | 28 | 28 | Search | -350957 | -350957 | Global Improvement.
1 | 1 | 29 | 29 | Search | -351049 | -351049 | Global Improvement.
1 | 1 | 30 | 30 | Search | -351125 | -351125 | Global Improvement.
1 | 1 | 31 | 31 | Search | -351285 | -351285 | Global Improvement.
1 | 1 | 32 | 32 | Search | -351419 | -351419 | Global Improvement.
1 | 1 | 33 | 33 | Search | -351486 | -351486 | Global Improvement.
1 | 1 | 34 | 34 | Search | -351522 | -351522 | Global Improvement.
1 | 1 | 45 | 45 | Search | -351582 | -351582 | Global Improvement.
1 | 1 | 46 | 46 | Search | -351616 | -351616 | Global Improvement.
1 | 1 | 47 | 47 | Search | -351706 | -351706 | Global Improvement.
1 | 1 | 48 | 48 | Search | -351762 | -351762 | Global Improvement.
1 | 1 | 49 | 49 | Search | -351794 | -351794 | Global Improvement.
1 | 1 | 50 | 50 | Search | -351845 | -351845 | Global Improvement.
1 | 1 | 51 | 51 | Search | -351863 | -351863 | Global Improvement.
2 | 1 | 54 | 54 | Search | -351921 | -351921 | Global Improvement.
2 | 1 | 55 | 55 | Search | -351929 | -351929 | Global Improvement.
2 | 1 | 59 | 59 | Search | -352037 | -352037 | Global Improvement.
2 | 1 | 60 | 60 | Search | -352047 | -352047 | Global Improvement.
2 | 1 | 63 | 63 | Search | -352067 | -352067 | Global Improvement.
2 | 1 | 64 | 64 | Search | -352111 | -352111 | Global Improvement.
2 | 1 | 65 | 65 | Search | -352127 | -352127 | Global Improvement.
2 | 1 | 66 | 66 | Search | -352141 | -352141 | Global Improvement.
2 | 1 | 69 | 69 | Search | -352191 | -352191 | Global Improvement.
2 | 1 | 70 | 70 | Search | -352241 | -352241 | Global Improvement.
9 | 1 | 305 | 305 | Search | -352276 | -352276 | Global Improvement.
9 | 1 | 306 | 306 | Search | -352320 | -352320 | Global Improvement.
9 | 1 | 307 | 307 | Search | -352334 | -352334 | Global Improvement.
236 | 11 | 7908 | 101 | Search | -352445 | -352445 | Global Improvement.
236 | 11 | 7909 | 102 | Search | -352449 | -352449 | Global Improvement.
237 | 11 | 7916 | 109 | Search | -352464 | -352464 | Global Improvement.
237 | 11 | 7917 | 110 | Search | -352468 | -352468 | Global Improvement.
239 | 11 | 8008 | 201 | Search | -352473 | -352473 | Global Improvement.
239 | 11 | 8009 | 202 | Search | -352517 | -352517 | Global Improvement.
241 | 11 | 8060 | 253 | Search | -352546 | -352546 | Global Improvement.
241 | 11 | 8061 | 254 | Search | -352580 | -352580 | Global Improvement.
241 | 11 | 8062 | 255 | Search | -352586 | -352586 | Global Improvement.
248 | 11 | 8348 | 541 | Search | -352593 | -352593 | Global Improvement.
431 | 19 | 14381 | 33 | Search | -352621 | -352621 | Global Improvement.
1949 | 85 | 64806 | 925 | Search | -352658 | -352658 | Global Improvement.
1949 | 85 | 64811 | 930 | Search | -352670 | -352670 | Global Improvement.
1949 | 85 | 64812 | 931 | Search | -352716 | -352716 | Global Improvement.
1949 | 85 | 64813 | 932 | Search | -352730 | -352730 | Global Improvement.

 Optimization finished in 4.840208065s. 
 Objective of best solution found: -352730
Time(ms) | Phase nr. | It | Phase It | Phase Type | objective | best obj. | move type
0 | 1 | 1 | 1 | Search | -349399 | -349399 | Global Improvement.
0 | 1 | 2 | 2 | Search | -349517 | -349517 | Global Improvement.
0 | 1 | 3 | 3 | Search | -349593 | -349593 | Global Improvement.
0 | 1 | 4 | 4 | Search | -349667 | -349667 | Global Improvement.
0 | 1 | 5 | 5 | Search | -349709 | -349709 | Global Improvement.
0 | 1 | 6 | 6 | Search | -349773 | -349773 | Global Improvement.
0 | 1 | 7 | 7 | Search | -349833 | -349833 | Global Improvement.
0 | 1 | 8 | 8 | Search | -349914 | -349914 | Global Improvement.
0 | 1 | 9 | 9 | Search | -350112 | -350112 | Global Improvement.
0 | 1 | 10 | 10 | Search | -350208 | -350208 | Global Improvement.
0 | 1 | 11 | 11 | Search | -350228 | -350228 | Global Improvement.
0 | 1 | 12 | 12 | Search | -350244 | -350244 | Global Improvement.
0 | 1 | 13 | 13 | Search | -350246 | -350246 | Global Improvement.
0 | 1 | 14 | 14 | Search | -350292 | -350292 | Global Improvement.
0 | 1 | 15 | 15 | Search | -350334 | -350334 | Global Improvement.
0 | 1 | 17 | 17 | Search | -350366 | -350366 | Global Improvement.
0 | 1 | 18 | 18 | Search | -350458 | -350458 | Global Improvement.
0 | 1 | 19 | 19 | Search | -350492 | -350492 | Global Improvement.
0 | 1 | 22 | 22 | Search | -350497 | -350497 | Global Improvement.
0 | 1 | 23 | 23 | Search | -350531 | -350531 | Global Improvement.
0 | 1 | 24 | 24 | Search | -350619 | -350619 | Global Improvement.
0 | 1 | 25 | 25 | Search | -350659 | -350659 | Global Improvement.
1 | 1 | 26 | 26 | Search | -350803 | -350803 | Global Improvement.
1 | 1 | 27 | 27 | Search | -350887 | -350887 | Global Improvement.
1 | 1 | 28 | 28 | Search | -350957 | -350957 | Global Improvement.
1 | 1 | 29 | 29 | Search | -351049 | -351049 | Global Improvement.
1 | 1 | 30 | 30 | Search | -351125 | -351125 | Global Improvement.
1 | 1 | 31 | 31 | Search | -351285 | -351285 | Global Improvement.
1 | 1 | 32 | 32 | Search | -351419 | -351419 | Global Improvement.
1 | 1 | 33 | 33 | Search | -351486 | -351486 | Global Improvement.
1 | 1 | 34 | 34 | Search | -351522 | -351522 | Global Improvement.
1 | 1 | 45 | 45 | Search | -351582 | -351582 | Global Improvement.
1 | 1 | 46 | 46 | Search | -351616 | -351616 | Global Improvement.
1 | 1 | 47 | 47 | Search | -351706 | -351706 | Global Improvement.
1 | 1 | 48 | 48 | Search | -351762 | -351762 | Global Improvement.
1 | 1 | 49 | 49 | Search | -351794 | -351794 | Global Improvement.
1 | 1 | 50 | 50 | Search | -351845 | -351845 | Global Improvement.
1 | 1 | 51 | 51 | Search | -351863 | -351863 | Global Improvement.
1 | 1 | 54 | 54 | Search | -351921 | -351921 | Global Improvement.
2 | 1 | 55 | 55 | Search | -351929 | -351929 | Global Improvement.
2 | 1 | 59 | 59 | Search | -352037 | -352037 | Global Improvement.
2 | 1 | 60 | 60 | Search | -352047 | -352047 | Global Improvement.
2 | 1 | 63 | 63 | Search | -352067 | -352067 | Global Improvement.
2 | 1 | 64 | 64 | Search | -352111 | -352111 | Global Improvement.
2 | 1 | 65 | 65 | Search | -352127 | -352127 | Global Improvement.
2 | 1 | 66 | 66 | Search | -352141 | -352141 | Global Improvement.
2 | 1 | 69 | 69 | Search | -352191 | -352191 | Global Improvement.
2 | 1 | 70 | 70 | Search | -352241 | -352241 | Global Improvement.
9 | 1 | 305 | 305 | Search | -352276 | -352276 | Global Improvement.
9 | 1 | 306 | 306 | Search | -352320 | -352320 | Global Improvement.
9 | 1 | 307 | 307 | Search | -352334 | -352334 | Global Improvement.
233 | 9 | 7277 | 970 | Search | -352343 | -352343 | Global Improvement.
233 | 9 | 7278 | 971 | Search | -352351 | -352351 | Global Improvement.
233 | 9 | 7279 | 972 | Search | -352355 | -352355 | Global Improvement.
234 | 9 | 7308 | 1001 | Search | -352366 | -352366 | Global Improvement.
234 | 9 | 7309 | 1002 | Search | -352370 | -352370 | Global Improvement.
234 | 9 | 7331 | 1024 | Search | -352425 | -352425 | Global Improvement.
234 | 9 | 7332 | 1025 | Search | -352435 | -352435 | Global Improvement.
234 | 9 | 7333 | 1026 | Search | -352479 | -352479 | Global Improvement.
235 | 9 | 7339 | 1032 | Search | -352493 | -352493 | Global Improvement.
235 | 9 | 7340 | 1033 | Search | -352521 | -352521 | Global Improvement.
235 | 9 | 7341 | 1034 | Search | -352529 | -352529 | Global Improvement.
236 | 9 | 7375 | 1068 | Search | -352530 | -352530 | Global Improvement.
236 | 9 | 7376 | 1069 | Search | -352536 | -352536 | Global Improvement.
236 | 9 | 7395 | 1088 | Search | -352549 | -352549 | Global Improvement.
236 | 9 | 7396 | 1089 | Search | -352555 | -352555 | Global Improvement.
237 | 9 | 7417 | 1110 | Search | -352559 | -352559 | Global Improvement.
238 | 9 | 7449 | 1142 | Search | -352565 | -352565 | Global Improvement.
238 | 9 | 7450 | 1143 | Search | -352579 | -352579 | Global Improvement.
594 | 23 | 18662 | 712 | Search | -352593 | -352593 | Global Improvement.
1106 | 45 | 35440 | 278 | Search | -352609 | -352609 | Global Improvement.
1106 | 45 | 35441 | 279 | Search | -352621 | -352621 | Global Improvement.
2094 | 87 | 67619 | 678 | Search | -352625 | -352625 | Global Improvement.
2094 | 87 | 67620 | 679 | Search | -352647 | -352647 | Global Improvement.
2094 | 87 | 67625 | 684 | Search | -352682 | -352682 | Global Improvement.
2094 | 87 | 67626 | 685 | Search | -352726 | -352726 | Global Improvement.
2094 | 87 | 67627 | 686 | Search | -352760 | -352760 | Global Improvement.

 Optimization finished in 5.020751538s. 
 Objective of best solution found: -352760
Size shrunk from 1000 to 1000
Time(ms) | Phase nr. | It | Phase It | Phase Type | objective | best obj. | move type
0 | 1 | 1 | 1 | Search | -356998 | -356998 | Global Improvement.
0 | 1 | 2 | 2 | Search | -357060 | -357060 | Global Improvement.
0 | 1 | 3 | 3 | Search | -357092 | -357092 | Global Improvement.
0 | 1 | 4 | 4 | Search | -357178 | -357178 | Global Improvement.
0 | 1 | 5 | 5 | Search | -357214 | -357214 | Global Improvement.
0 | 1 | 6 | 6 | Search | -357260 | -357260 | Global Improvement.
0 | 1 | 7 | 7 | Search | -357288 | -357288 | Global Improvement.
0 | 1 | 8 | 8 | Search | -357316 | -357316 | Global Improvement.
0 | 1 | 9 | 9 | Search | -357352 | -357352 | Global Improvement.
0 | 1 | 10 | 10 | Search | -357362 | -357362 | Global Improvement.
0 | 1 | 11 | 11 | Search | -357426 | -357426 | Global Improvement.
0 | 1 | 14 | 14 | Search | -357454 | -357454 | Global Improvement.
0 | 1 | 15 | 15 | Search | -357536 | -357536 | Global Improvement.
0 | 1 | 16 | 16 | Search | -357604 | -357604 | Global Improvement.
0 | 1 | 17 | 17 | Search | -357641 | -357641 | Global Improvement.
0 | 1 | 18 | 18 | Search | -357673 | -357673 | Global Improvement.
2 | 1 | 84 | 84 | Search | -357703 | -357703 | Global Improvement.
4 | 1 | 133 | 133 | Search | -357747 | -357747 | Global Improvement.
6 | 1 | 227 | 227 | Search | -357799 | -357799 | Global Improvement.
6 | 1 | 229 | 229 | Search | -357817 | -357817 | Global Improvement.
8 | 1 | 264 | 264 | Search | -357837 | -357837 | Global Improvement.
9 | 1 | 295 | 295 | Search | -357846 | -357846 | Global Improvement.
9 | 1 | 296 | 296 | Search | -357884 | -357884 | Global Improvement.
11 | 1 | 372 | 372 | Search | -357904 | -357904 | Global Improvement.
38 | 1 | 1341 | 1341 | Search | -357920 | -357920 | Global Improvement.
55 | 1 | 1942 | 1942 | Search | -357930 | -357930 | Global Improvement.
55 | 1 | 1943 | 1943 | Search | -357964 | -357964 | Global Improvement.
55 | 1 | 1945 | 1945 | Search | -357990 | -357990 | Global Improvement.
55 | 1 | 1948 | 1948 | Search | -358012 | -358012 | Global Improvement.
2455 | 105 | 80608 | 660 | Search | -358014 | -358014 | Global Improvement.
2455 | 105 | 80609 | 661 | Search | -358115 | -358115 | Global Improvement.
2455 | 105 | 80610 | 662 | Search | -358201 | -358201 | Global Improvement.
2455 | 105 | 80611 | 663 | Search | -358239 | -358239 | Global Improvement.
2455 | 105 | 80612 | 664 | Search | -358327 | -358327 | Global Improvement.
2455 | 105 | 80613 | 665 | Search | -358337 | -358337 | Global Improvement.
2455 | 105 | 80615 | 667 | Search | -358415 | -358415 | Global Improvement.
2456 | 105 | 80625 | 677 | Search | -358455 | -358455 | Global Improvement.
2456 | 105 | 80626 | 678 | Search | -358483 | -358483 | Global Improvement.
2456 | 105 | 80627 | 679 | Search | -358501 | -358501 | Global Improvement.
2456 | 105 | 80628 | 680 | Search | -358517 | -358517 | Global Improvement.
2456 | 105 | 80629 | 681 | Search | -358525 | -358525 | Global Improvement.
2456 | 105 | 80630 | 682 | Search | -358529 | -358529 | Global Improvement.
2457 | 105 | 80665 | 717 | Search | -358531 | -358531 | Global Improvement.
2457 | 105 | 80666 | 718 | Search | -358539 | -358539 | Global Improvement.
2462 | 105 | 80838 | 890 | Search | -358575 | -358575 | Global Improvement.
2462 | 105 | 80839 | 891 | Search | -358645 | -358645 | Global Improvement.
2475 | 105 | 81275 | 1327 | Search | -358648 | -358648 | Global Improvement.
2475 | 105 | 81276 | 1328 | Search | -358730 | -358730 | Global Improvement.
2475 | 105 | 81277 | 1329 | Search | -358746 | -358746 | Global Improvement.
2475 | 105 | 81278 | 1330 | Search | -358754 | -358754 | Global Improvement.
2475 | 105 | 81279 | 1331 | Search | -358773 | -358773 | Global Improvement.
2475 | 105 | 81280 | 1332 | Search | -358781 | -358781 | Global Improvement.
2476 | 105 | 81301 | 1353 | Search | -358867 | -358867 | Global Improvement.
2476 | 105 | 81302 | 1354 | Search | -358949 | -358949 | Global Improvement.
2476 | 105 | 81303 | 1355 | Search | -358967 | -358967 | Global Improvement.
2476 | 105 | 81304 | 1356 | Search | -358983 | -358983 | Global Improvement.
2476 | 105 | 81305 | 1357 | Search | -358987 | -358987 | Global Improvement.
2476 | 105 | 81306 | 1358 | Search | -358999 | -358999 | Global Improvement.
3128 | 131 | 101806 | 1000 | Search | -359005 | -359005 | Global Improvement.
3128 | 131 | 101807 | 1001 | Search | -359017 | -359017 | Global Improvement.
3128 | 131 | 101808 | 1002 | Search | -359023 | -359023 | Global Improvement.
3350 | 139 | 108678 | 870 | Search | -359026 | -359026 | Global Improvement.
3355 | 139 | 108838 | 1030 | Search | -359040 | -359040 | Global Improvement.
3355 | 139 | 108839 | 1031 | Search | -359070 | -359070 | Global Improvement.
3355 | 139 | 108840 | 1032 | Search | -359076 | -359076 | Global Improvement.

 Optimization finished in 7.241576354s. 
 Objective of best solution found: -359076
Time(ms) | Phase nr. | It | Phase It | Phase Type | objective | best obj. | move type
0 | 1 | 1 | 1 | Search | -356998 | -356998 | Global Improvement.
0 | 1 | 2 | 2 | Search | -357060 | -357060 | Global Improvement.
0 | 1 | 3 | 3 | Search | -357092 | -357092 | Global Improvement.
0 | 1 | 4 | 4 | Search | -357178 | -357178 | Global Improvement.
0 | 1 | 5 | 5 | Search | -357214 | -357214 | Global Improvement.
0 | 1 | 6 | 6 | Search | -357260 | -357260 | Global Improvement.
0 | 1 | 7 | 7 | Search | -357288 | -357288 | Global Improvement.
0 | 1 | 8 | 8 | Search | -357316 | -357316 | Global Improvement.
0 | 1 | 9 | 9 | Search | -357352 | -357352 | Global Improvement.
0 | 1 | 10 | 10 | Search | -357362 | -357362 | Global Improvement.
0 | 1 | 11 | 11 | Search | -357426 | -357426 | Global Improvement.
0 | 1 | 14 | 14 | Search | -357454 | -357454 | Global Improvement.
0 | 1 | 15 | 15 | Search | -357536 | -357536 | Global Improvement.
0 | 1 | 16 | 16 | Search | -357604 | -357604 | Global Improvement.
0 | 1 | 17 | 17 | Search | -357641 | -357641 | Global Improvement.
0 | 1 | 18 | 18 | Search | -357673 | -357673 | Global Improvement.
2 | 1 | 84 | 84 | Search | -357703 | -357703 | Global Improvement.
3 | 1 | 133 | 133 | Search | -357747 | -357747 | Global Improvement.
6 | 1 | 227 | 227 | Search | -357799 | -357799 | Global Improvement.
6 | 1 | 229 | 229 | Search | -357817 | -357817 | Global Improvement.
7 | 1 | 264 | 264 | Search | -357837 | -357837 | Global Improvement.
8 | 1 | 295 | 295 | Search | -357846 | -357846 | Global Improvement.
8 | 1 | 296 | 296 | Search | -357884 | -357884 | Global Improvement.
10 | 1 | 372 | 372 | Search | -357904 | -357904 | Global Improvement.
36 | 1 | 1341 | 1341 | Search | -357920 | -357920 | Global Improvement.
53 | 1 | 1942 | 1942 | Search | -357930 | -357930 | Global Improvement.
53 | 1 | 1943 | 1943 | Search | -357964 | -357964 | Global Improvement.
53 | 1 | 1945 | 1945 | Search | -357990 | -357990 | Global Improvement.
53 | 1 | 1948 | 1948 | Search | -358012 | -358012 | Global Improvement.
898 | 37 | 29538 | 590 | Search | -358014 | -358014 | Global Improvement.
898 | 37 | 29539 | 591 | Search | -358115 | -358115 | Global Improvement.
898 | 37 | 29540 | 592 | Search | -358201 | -358201 | Global Improvement.
898 | 37 | 29541 | 593 | Search | -358239 | -358239 | Global Improvement.
898 | 37 | 29542 | 594 | Search | -358327 | -358327 | Global Improvement.
898 | 37 | 29543 | 595 | Search | -358337 | -358337 | Global Improvement.
898 | 37 | 29545 | 597 | Search | -358415 | -358415 | Global Improvement.
898 | 37 | 29555 | 607 | Search | -358455 | -358455 | Global Improvement.
898 | 37 | 29556 | 608 | Search | -358483 | -358483 | Global Improvement.
898 | 37 | 29557 | 609 | Search | -358501 | -358501 | Global Improvement.
898 | 37 | 29558 | 610 | Search | -358517 | -358517 | Global Improvement.
898 | 37 | 29559 | 611 | Search | -358525 | -358525 | Global Improvement.
898 | 37 | 29560 | 612 | Search | -358529 | -358529 | Global Improvement.
901 | 37 | 29662 | 714 | Search | -358539 | -358539 | Global Improvement.
903 | 37 | 29734 | 786 | Search | -358575 | -358575 | Global Improvement.
903 | 37 | 29735 | 787 | Search | -358645 | -358645 | Global Improvement.
917 | 37 | 30273 | 1325 | Search | -358658 | -358658 | Global Improvement.
917 | 37 | 30274 | 1326 | Search | -358700 | -358700 | Global Improvement.
917 | 37 | 30275 | 1327 | Search | -358740 | -358740 | Global Improvement.
917 | 37 | 30276 | 1328 | Search | -358759 | -358759 | Global Improvement.
917 | 37 | 30279 | 1331 | Search | -358833 | -358833 | Global Improvement.
917 | 37 | 30280 | 1332 | Search | -358927 | -358927 | Global Improvement.
918 | 37 | 30281 | 1333 | Search | -358945 | -358945 | Global Improvement.
918 | 37 | 30282 | 1334 | Search | -358961 | -358961 | Global Improvement.
918 | 37 | 30283 | 1335 | Search | -358965 | -358965 | Global Improvement.
918 | 37 | 30284 | 1336 | Search | -358977 | -358977 | Global Improvement.
922 | 37 | 30459 | 1511 | Search | -358981 | -358981 | Global Improvement.
922 | 37 | 30460 | 1512 | Search | -358999 | -358999 | Global Improvement.

 Optimization finished in 3.693118941s. 
 Objective of best solution found: -358999
Time(ms) | Phase nr. | It | Phase It | Phase Type | objective | best obj. | move type
0 | 1 | 1 | 1 | Search | -356998 | -356998 | Global Improvement.
0 | 1 | 2 | 2 | Search | -357060 | -357060 | Global Improvement.
0 | 1 | 3 | 3 | Search | -357092 | -357092 | Global Improvement.
0 | 1 | 4 | 4 | Search | -357178 | -357178 | Global Improvement.
0 | 1 | 5 | 5 | Search | -357214 | -357214 | Global Improvement.
0 | 1 | 6 | 6 | Search | -357260 | -357260 | Global Improvement.
0 | 1 | 7 | 7 | Search | -357288 | -357288 | Global Improvement.
0 | 1 | 8 | 8 | Search | -357316 | -357316 | Global Improvement.
0 | 1 | 9 | 9 | Search | -357352 | -357352 | Global Improvement.
0 | 1 | 10 | 10 | Search | -357362 | -357362 | Global Improvement.
0 | 1 | 11 | 11 | Search | -357426 | -357426 | Global Improvement.
0 | 1 | 14 | 14 | Search | -357454 | -357454 | Global Improvement.
0 | 1 | 15 | 15 | Search | -357536 | -357536 | Global Improvement.
0 | 1 | 16 | 16 | Search | -357604 | -357604 | Global Improvement.
0 | 1 | 17 | 17 | Search | -357641 | -357641 | Global Improvement.
0 | 1 | 18 | 18 | Search | -357673 | -357673 | Global Improvement.
2 | 1 | 84 | 84 | Search | -357703 | -357703 | Global Improvement.
3 | 1 | 133 | 133 | Search | -357747 | -357747 | Global Improvement.
6 | 1 | 227 | 227 | Search | -357799 | -357799 | Global Improvement.
6 | 1 | 229 | 229 | Search | -357817 | -357817 | Global Improvement.
7 | 1 | 264 | 264 | Search | -357837 | -357837 | Global Improvement.
7 | 1 | 295 | 295 | Search | -357846 | -357846 | Global Improvement.
7 | 1 | 296 | 296 | Search | -357884 | -357884 | Global Improvement.
9 | 1 | 372 | 372 | Search | -357904 | -357904 | Global Improvement.
37 | 1 | 1341 | 1341 | Search | -357920 | -357920 | Global Improvement.
55 | 1 | 1942 | 1942 | Search | -357930 | -357930 | Global Improvement.
55 | 1 | 1943 | 1943 | Search | -357964 | -357964 | Global Improvement.
55 | 1 | 1945 | 1945 | Search | -357990 | -357990 | Global Improvement.
55 | 1 | 1948 | 1948 | Search | -358012 | -358012 | Global Improvement.

 Optimization finished in 4.268816761s. 
 Objective of best solution found: -358012
Size shrunk from 1000 to 1000
Time(ms) | Phase nr. | It | Phase It | Phase Type | objective | best obj. | move type
0 | 1 | 1 | 1 | Search | -368338 | -368338 | Global Improvement.
0 | 1 | 2 | 2 | Search | -368462 | -368462 | Global Improvement.
0 | 1 | 3 | 3 | Search | -368560 | -368560 | Global Improvement.
0 | 1 | 4 | 4 | Search | -368624 | -368624 | Global Improvement.
0 | 1 | 5 | 5 | Search | -368632 | -368632 | Global Improvement.
0 | 1 | 6 | 6 | Search | -368760 | -368760 | Global Improvement.
0 | 1 | 7 | 7 | Search | -368770 | -368770 | Global Improvement.
0 | 1 | 8 | 8 | Search | -368778 | -368778 | Global Improvement.
0 | 1 | 10 | 10 | Search | -368812 | -368812 | Global Improvement.
0 | 1 | 11 | 11 | Search | -368826 | -368826 | Global Improvement.
0 | 1 | 12 | 12 | Search | -368882 | -368882 | Global Improvement.
0 | 1 | 14 | 14 | Search | -368894 | -368894 | Global Improvement.
0 | 1 | 15 | 15 | Search | -368942 | -368942 | Global Improvement.
0 | 1 | 17 | 17 | Search | -369006 | -369006 | Global Improvement.
0 | 1 | 18 | 18 | Search | -369064 | -369064 | Global Improvement.
0 | 1 | 21 | 21 | Search | -369112 | -369112 | Global Improvement.
0 | 1 | 22 | 22 | Search | -369206 | -369206 | Global Improvement.
0 | 1 | 23 | 23 | Search | -369280 | -369280 | Global Improvement.
0 | 1 | 25 | 25 | Search | -369334 | -369334 | Global Improvement.
0 | 1 | 26 | 26 | Search | -369354 | -369354 | Global Improvement.
0 | 1 | 28 | 28 | Search | -369424 | -369424 | Global Improvement.
0 | 1 | 29 | 29 | Search | -369426 | -369426 | Global Improvement.
1 | 1 | 30 | 30 | Search | -369528 | -369528 | Global Improvement.
1 | 1 | 31 | 31 | Search | -369530 | -369530 | Global Improvement.
1 | 1 | 32 | 32 | Search | -369570 | -369570 | Global Improvement.
1 | 1 | 33 | 33 | Search | -369602 | -369602 | Global Improvement.
1 | 1 | 34 | 34 | Search | -369660 | -369660 | Global Improvement.
1 | 1 | 35 | 35 | Search | -369678 | -369678 | Global Improvement.
1 | 1 | 37 | 37 | Search | -369706 | -369706 | Global Improvement.
1 | 1 | 38 | 38 | Search | -369724 | -369724 | Global Improvement.
1 | 1 | 42 | 42 | Search | -369746 | -369746 | Global Improvement.
1 | 1 | 43 | 43 | Search | -369760 | -369760 | Global Improvement.
4 | 1 | 150 | 150 | Search | -369940 | -369940 | Global Improvement.
7 | 1 | 215 | 215 | Search | -369959 | -369959 | Global Improvement.
7 | 1 | 216 | 216 | Search | -369983 | -369983 | Global Improvement.
7 | 1 | 217 | 217 | Search | -370005 | -370005 | Global Improvement.
7 | 1 | 218 | 218 | Search | -370009 | -370009 | Global Improvement.
7 | 1 | 219 | 219 | Search | -370047 | -370047 | Global Improvement.
7 | 1 | 222 | 222 | Search | -370071 | -370071 | Global Improvement.
7 | 1 | 223 | 223 | Search | -370151 | -370151 | Global Improvement.
7 | 1 | 224 | 224 | Search | -370181 | -370181 | Global Improvement.
7 | 1 | 225 | 225 | Search | -370193 | -370193 | Global Improvement.
7 | 1 | 226 | 226 | Search | -370205 | -370205 | Global Improvement.
7 | 1 | 227 | 227 | Search | -370208 | -370208 | Global Improvement.
7 | 1 | 238 | 238 | Search | -370212 | -370212 | Global Improvement.
7 | 1 | 239 | 239 | Search | -370246 | -370246 | Global Improvement.
7 | 1 | 240 | 240 | Search | -370258 | -370258 | Global Improvement.
54 | 3 | 1824 | 84 | Search | -370264 | -370264 | Global Improvement.
1095 | 49 | 36772 | 448 | Search | -370340 | -370340 | Global Improvement.
1095 | 49 | 36773 | 449 | Search | -370394 | -370394 | Global Improvement.
1095 | 49 | 36774 | 450 | Search | -370420 | -370420 | Global Improvement.
1095 | 49 | 36776 | 452 | Search | -370484 | -370484 | Global Improvement.
1095 | 49 | 36777 | 453 | Search | -370486 | -370486 | Global Improvement.
3276 | 147 | 110455 | 178 | Search | -370488 | -370488 | Global Improvement.
3276 | 147 | 110457 | 180 | Search | -370614 | -370614 | Global Improvement.
3276 | 147 | 110458 | 181 | Search | -370624 | -370624 | Global Improvement.
3276 | 147 | 110462 | 185 | Search | -370628 | -370628 | Global Improvement.
3277 | 147 | 110482 | 205 | Search | -370664 | -370664 | Global Improvement.
3277 | 147 | 110483 | 206 | Search | -370695 | -370695 | Global Improvement.
3277 | 147 | 110484 | 207 | Search | -370713 | -370713 | Global Improvement.
3277 | 147 | 110485 | 208 | Search | -370723 | -370723 | Global Improvement.
3277 | 147 | 110487 | 210 | Search | -370793 | -370793 | Global Improvement.
3277 | 147 | 110488 | 211 | Search | -370881 | -370881 | Global Improvement.
3277 | 147 | 110492 | 215 | Search | -370903 | -370903 | Global Improvement.
3277 | 147 | 110493 | 216 | Search | -370961 | -370961 | Global Improvement.
3277 | 147 | 110494 | 217 | Search | -370985 | -370985 | Global Improvement.
3277 | 147 | 110495 | 218 | Search | -371015 | -371015 | Global Improvement.
3277 | 147 | 110500 | 223 | Search | -371021 | -371021 | Global Improvement.
3277 | 147 | 110501 | 224 | Search | -371039 | -371039 | Global Improvement.
3280 | 147 | 110598 | 321 | Search | -371081 | -371081 | Global Improvement.
3280 | 147 | 110599 | 322 | Search | -371133 | -371133 | Global Improvement.
3280 | 147 | 110621 | 344 | Search | -371149 | -371149 | Global Improvement.
3280 | 147 | 110622 | 345 | Search | -371193 | -371193 | Global Improvement.

 Optimization finished in 6.880494067s. 
 Objective of best solution found: -371193
Time(ms) | Phase nr. | It | Phase It | Phase Type | objective | best obj. | move type
0 | 1 | 1 | 1 | Search | -368338 | -368338 | Global Improvement.
0 | 1 | 2 | 2 | Search | -368462 | -368462 | Global Improvement.
0 | 1 | 3 | 3 | Search | -368560 | -368560 | Global Improvement.
0 | 1 | 4 | 4 | Search | -368624 | -368624 | Global Improvement.
0 | 1 | 5 | 5 | Search | -368632 | -368632 | Global Improvement.
0 | 1 | 6 | 6 | Search | -368760 | -368760 | Global Improvement.
0 | 1 | 7 | 7 | Search | -368770 | -368770 | Global Improvement.
0 | 1 | 8 | 8 | Search | -368778 | -368778 | Global Improvement.
0 | 1 | 10 | 10 | Search | -368812 | -368812 | Global Improvement.
0 | 1 | 11 | 11 | Search | -368826 | -368826 | Global Improvement.
0 | 1 | 12 | 12 | Search | -368882 | -368882 | Global Improvement.
0 | 1 | 14 | 14 | Search | -368894 | -368894 | Global Improvement.
0 | 1 | 15 | 15 | Search | -368942 | -368942 | Global Improvement.
0 | 1 | 17 | 17 | Search | -369006 | -369006 | Global Improvement.
0 | 1 | 18 | 18 | Search | -369064 | -369064 | Global Improvement.
0 | 1 | 21 | 21 | Search | -369112 | -369112 | Global Improvement.
0 | 1 | 22 | 22 | Search | -369206 | -369206 | Global Improvement.
0 | 1 | 23 | 23 | Search | -369280 | -369280 | Global Improvement.
0 | 1 | 25 | 25 | Search | -369334 | -369334 | Global Improvement.
0 | 1 | 26 | 26 | Search | -369354 | -369354 | Global Improvement.
0 | 1 | 28 | 28 | Search | -369424 | -369424 | Global Improvement.
0 | 1 | 29 | 29 | Search | -369426 | -369426 | Global Improvement.
0 | 1 | 30 | 30 | Search | -369528 | -369528 | Global Improvement.
1 | 1 | 31 | 31 | Search | -369530 | -369530 | Global Improvement.
1 | 1 | 32 | 32 | Search | -369570 | -369570 | Global Improvement.
1 | 1 | 33 | 33 | Search | -369602 | -369602 | Global Improvement.
1 | 1 | 34 | 34 | Search | -369660 | -369660 | Global Improvement.
1 | 1 | 35 | 35 | Search | -369678 | -369678 | Global Improvement.
1 | 1 | 37 | 37 | Search | -369706 | -369706 | Global Improvement.
1 | 1 | 38 | 38 | Search | -369724 | -369724 | Global Improvement.
1 | 1 | 42 | 42 | Search | -369746 | -369746 | Global Improvement.
1 | 1 | 43 | 43 | Search | -369760 | -369760 | Global Improvement.
4 | 1 | 150 | 150 | Search | -369940 | -369940 | Global Improvement.
5 | 1 | 215 | 215 | Search | -369959 | -369959 | Global Improvement.
5 | 1 | 216 | 216 | Search | -369983 | -369983 | Global Improvement.
5 | 1 | 217 | 217 | Search | -370005 | -370005 | Global Improvement.
6 | 1 | 218 | 218 | Search | -370009 | -370009 | Global Improvement.
6 | 1 | 219 | 219 | Search | -370047 | -370047 | Global Improvement.
6 | 1 | 222 | 222 | Search | -370071 | -370071 | Global Improvement.
6 | 1 | 223 | 223 | Search | -370151 | -370151 | Global Improvement.
6 | 1 | 224 | 224 | Search | -370181 | -370181 | Global Improvement.
6 | 1 | 225 | 225 | Search | -370193 | -370193 | Global Improvement.
6 | 1 | 226 | 226 | Search | -370205 | -370205 | Global Improvement.
6 | 1 | 227 | 227 | Search | -370208 | -370208 | Global Improvement.
6 | 1 | 238 | 238 | Search | -370212 | -370212 | Global Improvement.
6 | 1 | 239 | 239 | Search | -370246 | -370246 | Global Improvement.
6 | 1 | 240 | 240 | Search | -370258 | -370258 | Global Improvement.
54 | 3 | 1824 | 84 | Search | -370264 | -370264 | Global Improvement.
275 | 11 | 8741 | 917 | Search | -370267 | -370267 | Global Improvement.
1520 | 63 | 48582 | 841 | Search | -370282 | -370282 | Global Improvement.
1521 | 63 | 48583 | 842 | Search | -370328 | -370328 | Global Improvement.
1521 | 63 | 48584 | 843 | Search | -370340 | -370340 | Global Improvement.
1521 | 63 | 48585 | 844 | Search | -370458 | -370458 | Global Improvement.
1521 | 63 | 48586 | 845 | Search | -370484 | -370484 | Global Improvement.
1521 | 63 | 48587 | 846 | Search | -370486 | -370486 | Global Improvement.
3933 | 165 | 125515 | 428 | Search | -370498 | -370498 | Global Improvement.
3933 | 165 | 125517 | 430 | Search | -370510 | -370510 | Global Improvement.
3933 | 165 | 125526 | 439 | Search | -370566 | -370566 | Global Improvement.
3933 | 165 | 125527 | 440 | Search | -370588 | -370588 | Global Improvement.
3933 | 165 | 125528 | 441 | Search | -370606 | -370606 | Global Improvement.
3933 | 165 | 125529 | 442 | Search | -370610 | -370610 | Global Improvement.
3933 | 165 | 125532 | 445 | Search | -370696 | -370696 | Global Improvement.
3933 | 165 | 125533 | 446 | Search | -370782 | -370782 | Global Improvement.
3933 | 165 | 125534 | 447 | Search | -370794 | -370794 | Global Improvement.
3933 | 165 | 125537 | 450 | Search | -370874 | -370874 | Global Improvement.
3933 | 165 | 125538 | 451 | Search | -370920 | -370920 | Global Improvement.
3933 | 165 | 125539 | 452 | Search | -370988 | -370988 | Global Improvement.
3933 | 165 | 125540 | 453 | Search | -371019 | -371019 | Global Improvement.
3933 | 165 | 125541 | 454 | Search | -371037 | -371037 | Global Improvement.
3938 | 165 | 125705 | 618 | Search | -371039 | -371039 | Global Improvement.
3948 | 165 | 126111 | 1024 | Search | -371083 | -371083 | Global Improvement.
3948 | 165 | 126112 | 1025 | Search | -371131 | -371131 | Global Improvement.
3949 | 165 | 126130 | 1043 | Search | -371147 | -371147 | Global Improvement.
3949 | 165 | 126131 | 1044 | Search | -371191 | -371191 | Global Improvement.
3949 | 165 | 126132 | 1045 | Search | -371193 | -371193 | Global Improvement.

 Optimization finished in 6.283547028s. 
 Objective of best solution found: -371193
Time(ms) | Phase nr. | It | Phase It | Phase Type | objective | best obj. | move type
0 | 1 | 1 | 1 | Search | -368338 | -368338 | Global Improvement.
0 | 1 | 2 | 2 | Search | -368462 | -368462 | Global Improvement.
0 | 1 | 3 | 3 | Search | -368560 | -368560 | Global Improvement.
0 | 1 | 4 | 4 | Search | -368624 | -368624 | Global Improvement.
0 | 1 | 5 | 5 | Search | -368632 | -368632 | Global Improvement.
0 | 1 | 6 | 6 | Search | -368760 | -368760 | Global Improvement.
0 | 1 | 7 | 7 | Search | -368770 | -368770 | Global Improvement.
0 | 1 | 8 | 8 | Search | -368778 | -368778 | Global Improvement.
0 | 1 | 10 | 10 | Search | -368812 | -368812 | Global Improvement.
0 | 1 | 11 | 11 | Search | -368826 | -368826 | Global Improvement.
0 | 1 | 12 | 12 | Search | -368882 | -368882 | Global Improvement.
0 | 1 | 14 | 14 | Search | -368894 | -368894 | Global Improvement.
0 | 1 | 15 | 15 | Search | -368942 | -368942 | Global Improvement.
0 | 1 | 17 | 17 | Search | -369006 | -369006 | Global Improvement.
0 | 1 | 18 | 18 | Search | -369064 | -369064 | Global Improvement.
0 | 1 | 21 | 21 | Search | -369112 | -369112 | Global Improvement.
0 | 1 | 22 | 22 | Search | -369206 | -369206 | Global Improvement.
0 | 1 | 23 | 23 | Search | -369280 | -369280 | Global Improvement.
0 | 1 | 25 | 25 | Search | -369334 | -369334 | Global Improvement.
0 | 1 | 26 | 26 | Search | -369354 | -369354 | Global Improvement.
0 | 1 | 28 | 28 | Search | -369424 | -369424 | Global Improvement.
0 | 1 | 29 | 29 | Search | -369426 | -369426 | Global Improvement.
0 | 1 | 30 | 30 | Search | -369528 | -369528 | Global Improvement.
0 | 1 | 31 | 31 | Search | -369530 | -369530 | Global Improvement.
0 | 1 | 32 | 32 | Search | -369570 | -369570 | Global Improvement.
1 | 1 | 33 | 33 | Search | -369602 | -369602 | Global Improvement.
1 | 1 | 34 | 34 | Search | -369660 | -369660 | Global Improvement.
1 | 1 | 35 | 35 | Search | -369678 | -369678 | Global Improvement.
1 | 1 | 37 | 37 | Search | -369706 | -369706 | Global Improvement.
1 | 1 | 38 | 38 | Search | -369724 | -369724 | Global Improvement.
1 | 1 | 42 | 42 | Search | -369746 | -369746 | Global Improvement.
1 | 1 | 43 | 43 | Search | -369760 | -369760 | Global Improvement.
4 | 1 | 150 | 150 | Search | -369940 | -369940 | Global Improvement.
5 | 1 | 215 | 215 | Search | -369959 | -369959 | Global Improvement.
6 | 1 | 216 | 216 | Search | -369983 | -369983 | Global Improvement.
6 | 1 | 217 | 217 | Search | -370005 | -370005 | Global Improvement.
6 | 1 | 218 | 218 | Search | -370009 | -370009 | Global Improvement.
6 | 1 | 219 | 219 | Search | -370047 | -370047 | Global Improvement.
6 | 1 | 222 | 222 | Search | -370071 | -370071 | Global Improvement.
6 | 1 | 223 | 223 | Search | -370151 | -370151 | Global Improvement.
6 | 1 | 224 | 224 | Search | -370181 | -370181 | Global Improvement.
6 | 1 | 225 | 225 | Search | -370193 | -370193 | Global Improvement.
6 | 1 | 226 | 226 | Search | -370205 | -370205 | Global Improvement.
6 | 1 | 227 | 227 | Search | -370208 | -370208 | Global Improvement.
6 | 1 | 238 | 238 | Search | -370212 | -370212 | Global Improvement.
6 | 1 | 239 | 239 | Search | -370246 | -370246 | Global Improvement.
6 | 1 | 240 | 240 | Search | -370258 | -370258 | Global Improvement.
51 | 3 | 1824 | 84 | Search | -370264 | -370264 | Global Improvement.
245 | 11 | 8456 | 632 | Search | -370378 | -370378 | Global Improvement.
245 | 11 | 8457 | 633 | Search | -370404 | -370404 | Global Improvement.
245 | 11 | 8458 | 634 | Search | -370406 | -370406 | Global Improvement.
245 | 11 | 8460 | 636 | Search | -370417 | -370417 | Global Improvement.
293 | 13 | 10074 | 114 | Search | -370427 | -370427 | Global Improvement.
293 | 13 | 10075 | 115 | Search | -370435 | -370435 | Global Improvement.
395 | 17 | 13617 | 542 | Search | -370444 | -370444 | Global Improvement.
395 | 17 | 13619 | 544 | Search | -370488 | -370488 | Global Improvement.
395 | 17 | 13621 | 546 | Search | -370572 | -370572 | Global Improvement.
400 | 17 | 13793 | 718 | Search | -370620 | -370620 | Global Improvement.
400 | 17 | 13797 | 722 | Search | -370636 | -370636 | Global Improvement.
400 | 17 | 13798 | 723 | Search | -370654 | -370654 | Global Improvement.
400 | 17 | 13799 | 724 | Search | -370682 | -370682 | Global Improvement.
400 | 17 | 13800 | 725 | Search | -370690 | -370690 | Global Improvement.
401 | 17 | 13815 | 740 | Search | -370696 | -370696 | Global Improvement.
401 | 17 | 13816 | 741 | Search | -370716 | -370716 | Global Improvement.
402 | 17 | 13880 | 805 | Search | -370720 | -370720 | Global Improvement.
404 | 17 | 13927 | 852 | Search | -370731 | -370731 | Global Improvement.
404 | 17 | 13928 | 853 | Search | -370742 | -370742 | Global Improvement.
404 | 17 | 13929 | 854 | Search | -370748 | -370748 | Global Improvement.
404 | 17 | 13933 | 858 | Search | -370768 | -370768 | Global Improvement.
404 | 17 | 13934 | 859 | Search | -370771 | -370771 | Global Improvement.
404 | 17 | 13936 | 861 | Search | -370793 | -370793 | Global Improvement.
404 | 17 | 13937 | 862 | Search | -370803 | -370803 | Global Improvement.
404 | 17 | 13939 | 864 | Search | -370895 | -370895 | Global Improvement.
406 | 17 | 13971 | 896 | Search | -370909 | -370909 | Global Improvement.
406 | 17 | 13972 | 897 | Search | -370961 | -370961 | Global Improvement.
406 | 17 | 13973 | 898 | Search | -370969 | -370969 | Global Improvement.
408 | 17 | 14041 | 966 | Search | -370977 | -370977 | Global Improvement.
408 | 17 | 14044 | 969 | Search | -371003 | -371003 | Global Improvement.
408 | 17 | 14045 | 970 | Search | -371055 | -371055 | Global Improvement.
408 | 17 | 14046 | 971 | Search | -371063 | -371063 | Global Improvement.
748 | 31 | 25533 | 987 | Search | -371087 | -371087 | Global Improvement.

 Optimization finished in 4.628238294s. 
 Objective of best solution found: -371087
Size shrunk from 1000 to 1000
Time(ms) | Phase nr. | It | Phase It | Phase Type | objective | best obj. | move type
0 | 1 | 1 | 1 | Search | -349808 | -349808 | Global Improvement.
0 | 1 | 2 | 2 | Search | -350052 | -350052 | Global Improvement.
0 | 1 | 3 | 3 | Search | -350258 | -350258 | Global Improvement.
0 | 1 | 4 | 4 | Search | -350328 | -350328 | Global Improvement.
0 | 1 | 5 | 5 | Search | -350358 | -350358 | Global Improvement.
0 | 1 | 6 | 6 | Search | -350374 | -350374 | Global Improvement.
0 | 1 | 7 | 7 | Search | -350378 | -350378 | Global Improvement.
0 | 1 | 10 | 10 | Search | -350548 | -350548 | Global Improvement.
0 | 1 | 11 | 11 | Search | -350606 | -350606 | Global Improvement.
0 | 1 | 12 | 12 | Search | -350654 | -350654 | Global Improvement.
0 | 1 | 13 | 13 | Search | -350656 | -350656 | Global Improvement.
0 | 1 | 14 | 14 | Search | -350774 | -350774 | Global Improvement.
0 | 1 | 15 | 15 | Search | -350790 | -350790 | Global Improvement.
0 | 1 | 16 | 16 | Search | -350866 | -350866 | Global Improvement.
0 | 1 | 20 | 20 | Search | -350894 | -350894 | Global Improvement.
0 | 1 | 21 | 21 | Search | -350900 | -350900 | Global Improvement.
0 | 1 | 22 | 22 | Search | -350904 | -350904 | Global Improvement.
3 | 1 | 118 | 118 | Search | -350910 | -350910 | Global Improvement.
3 | 1 | 119 | 119 | Search | -350930 | -350930 | Global Improvement.
3 | 1 | 120 | 120 | Search | -350946 | -350946 | Global Improvement.
3 | 1 | 121 | 121 | Search | -350950 | -350950 | Global Improvement.
3 | 1 | 122 | 122 | Search | -350952 | -350952 | Global Improvement.
3 | 1 | 123 | 123 | Search | -350970 | -350970 | Global Improvement.
3 | 1 | 125 | 125 | Search | -351022 | -351022 | Global Improvement.
3 | 1 | 126 | 126 | Search | -351072 | -351072 | Global Improvement.
3 | 1 | 127 | 127 | Search | -351080 | -351080 | Global Improvement.
3 | 1 | 128 | 128 | Search | -351090 | -351090 | Global Improvement.
3 | 1 | 130 | 130 | Search | -351092 | -351092 | Global Improvement.
3 | 1 | 132 | 132 | Search | -351128 | -351128 | Global Improvement.
3 | 1 | 135 | 135 | Search | -351146 | -351146 | Global Improvement.
4 | 1 | 164 | 164 | Search | -351160 | -351160 | Global Improvement.
6 | 1 | 235 | 235 | Search | -351170 | -351170 | Global Improvement.
9 | 1 | 351 | 351 | Search | -351174 | -351174 | Global Improvement.
9 | 1 | 352 | 352 | Search | -351196 | -351196 | Global Improvement.
9 | 1 | 353 | 353 | Search | -351202 | -351202 | Global Improvement.
52 | 3 | 1871 | 18 | Search | -351204 | -351204 | Global Improvement.
52 | 3 | 1872 | 19 | Search | -351206 | -351206 | Global Improvement.
52 | 3 | 1873 | 20 | Search | -351328 | -351328 | Global Improvement.
52 | 3 | 1874 | 21 | Search | -351392 | -351392 | Global Improvement.
52 | 3 | 1877 | 24 | Search | -351456 | -351456 | Global Improvement.
1679 | 73 | 54875 | 498 | Search | -351481 | -351481 | Global Improvement.
1679 | 73 | 54876 | 499 | Search | -351495 | -351495 | Global Improvement.
1679 | 73 | 54877 | 500 | Search | -351583 | -351583 | Global Improvement.
2026 | 87 | 65829 | 452 | Search | -351647 | -351647 | Global Improvement.
2026 | 87 | 65830 | 453 | Search | -351731 | -351731 | Global Improvement.
2026 | 87 | 65845 | 468 | Search | -351745 | -351745 | Global Improvement.
2033 | 87 | 66087 | 710 | Search | -351775 | -351775 | Global Improvement.

 Optimization finished in 6.484317641s. 
 Objective of best solution found: -351775
Time(ms) | Phase nr. | It | Phase It | Phase Type | objective | best obj. | move type
0 | 1 | 1 | 1 | Search | -349808 | -349808 | Global Improvement.
0 | 1 | 2 | 2 | Search | -350052 | -350052 | Global Improvement.
0 | 1 | 3 | 3 | Search | -350258 | -350258 | Global Improvement.
0 | 1 | 4 | 4 | Search | -350328 | -350328 | Global Improvement.
0 | 1 | 5 | 5 | Search | -350358 | -350358 | Global Improvement.
0 | 1 | 6 | 6 | Search | -350374 | -350374 | Global Improvement.
0 | 1 | 7 | 7 | Search | -350378 | -350378 | Global Improvement.
0 | 1 | 10 | 10 | Search | -350548 | -350548 | Global Improvement.
0 | 1 | 11 | 11 | Search | -350606 | -350606 | Global Improvement.
0 | 1 | 12 | 12 | Search | -350654 | -350654 | Global Improvement.
0 | 1 | 13 | 13 | Search | -350656 | -350656 | Global Improvement.
0 | 1 | 14 | 14 | Search | -350774 | -350774 | Global Improvement.
0 | 1 | 15 | 15 | Search | -350790 | -350790 | Global Improvement.
0 | 1 | 16 | 16 | Search | -350866 | -350866 | Global Improvement.
0 | 1 | 20 | 20 | Search | -350894 | -350894 | Global Improvement.
0 | 1 | 21 | 21 | Search | -350900 | -350900 | Global Improvement.
0 | 1 | 22 | 22 | Search | -350904 | -350904 | Global Improvement.
3 | 1 | 118 | 118 | Search | -350910 | -350910 | Global Improvement.
3 | 1 | 119 | 119 | Search | -350930 | -350930 | Global Improvement.
3 | 1 | 120 | 120 | Search | -350946 | -350946 | Global Improvement.
3 | 1 | 121 | 121 | Search | -350950 | -350950 | Global Improvement.
3 | 1 | 122 | 122 | Search | -350952 | -350952 | Global Improvement.
3 | 1 | 123 | 123 | Search | -350970 | -350970 | Global Improvement.
3 | 1 | 125 | 125 | Search | -351022 | -351022 | Global Improvement.
3 | 1 | 126 | 126 | Search | -351072 | -351072 | Global Improvement.
3 | 1 | 127 | 127 | Search | -351080 | -351080 | Global Improvement.
4 | 1 | 128 | 128 | Search | -351090 | -351090 | Global Improvement.
4 | 1 | 130 | 130 | Search | -351092 | -351092 | Global Improvement.
4 | 1 | 132 | 132 | Search | -351128 | -351128 | Global Improvement.
4 | 1 | 135 | 135 | Search | -351146 | -351146 | Global Improvement.
4 | 1 | 164 | 164 | Search | -351160 | -351160 | Global Improvement.
6 | 1 | 235 | 235 | Search | -351170 | -351170 | Global Improvement.
10 | 1 | 351 | 351 | Search | -351174 | -351174 | Global Improvement.
10 | 1 | 352 | 352 | Search | -351196 | -351196 | Global Improvement.
10 | 1 | 353 | 353 | Search | -351202 | -351202 | Global Improvement.
56 | 3 | 1871 | 18 | Search | -351204 | -351204 | Global Improvement.
56 | 3 | 1872 | 19 | Search | -351206 | -351206 | Global Improvement.
56 | 3 | 1873 | 20 | Search | -351328 | -351328 | Global Improvement.
56 | 3 | 1874 | 21 | Search | -351392 | -351392 | Global Improvement.
56 | 3 | 1877 | 24 | Search | -351456 | -351456 | Global Improvement.
4825 | 195 | 146839 | 962 | Search | -351466 | -351466 | Global Improvement.
4825 | 195 | 146840 | 963 | Search | -351508 | -351508 | Global Improvement.
4825 | 195 | 146841 | 964 | Search | -351528 | -351528 | Global Improvement.
4825 | 195 | 146842 | 965 | Search | -351632 | -351632 | Global Improvement.
4825 | 195 | 146847 | 970 | Search | -351638 | -351638 | Global Improvement.
4825 | 195 | 146848 | 971 | Search | -351648 | -351648 | Global Improvement.
4825 | 195 | 146849 | 972 | Search | -351686 | -351686 | Global Improvement.
4825 | 195 | 146851 | 974 | Search | -351710 | -351710 | Global Improvement.
4827 | 195 | 146903 | 1026 | Search | -351729 | -351729 | Global Improvement.
4948 | 199 | 150719 | 816 | Search | -351755 | -351755 | Global Improvement.
4948 | 199 | 150720 | 817 | Search | -351785 | -351785 | Global Improvement.
5016 | 201 | 152994 | 774 | Search | -351801 | -351801 | Global Improvement.
5016 | 201 | 152995 | 775 | Search | -351821 | -351821 | Global Improvement.
5016 | 201 | 152996 | 776 | Search | -351839 | -351839 | Global Improvement.
5016 | 201 | 152997 | 777 | Search | -351845 | -351845 | Global Improvement.
5016 | 201 | 152998 | 778 | Search | -351847 | -351847 | Global Improvement.
5016 | 201 | 153011 | 791 | Search | -351858 | -351858 | Global Improvement.
5020 | 201 | 153139 | 919 | Search | -351870 | -351870 | Global Improvement.
5086 | 203 | 155398 | 759 | Search | -351874 | -351874 | Global Improvement.
7773 | 311 | 236824 | 426 | Search | -351927 | -351927 | Global Improvement.
7773 | 311 | 236825 | 427 | Search | -351939 | -351939 | Global Improvement.
7775 | 311 | 236871 | 473 | Search | -351945 | -351945 | Global Improvement.
7776 | 311 | 236906 | 508 | Search | -351963 | -351963 | Global Improvement.
7776 | 311 | 236907 | 509 | Search | -351971 | -351971 | Global Improvement.
7781 | 311 | 237050 | 652 | Search | -351982 | -351982 | Global Improvement.
7781 | 311 | 237051 | 653 | Search | -351994 | -351994 | Global Improvement.

 Optimization finished in 11.171616959s. 
 Objective of best solution found: -351994
Time(ms) | Phase nr. | It | Phase It | Phase Type | objective | best obj. | move type
0 | 1 | 1 | 1 | Search | -349808 | -349808 | Global Improvement.
0 | 1 | 2 | 2 | Search | -350052 | -350052 | Global Improvement.
0 | 1 | 3 | 3 | Search | -350258 | -350258 | Global Improvement.
0 | 1 | 4 | 4 | Search | -350328 | -350328 | Global Improvement.
0 | 1 | 5 | 5 | Search | -350358 | -350358 | Global Improvement.
0 | 1 | 6 | 6 | Search | -350374 | -350374 | Global Improvement.
0 | 1 | 7 | 7 | Search | -350378 | -350378 | Global Improvement.
0 | 1 | 10 | 10 | Search | -350548 | -350548 | Global Improvement.
0 | 1 | 11 | 11 | Search | -350606 | -350606 | Global Improvement.
0 | 1 | 12 | 12 | Search | -350654 | -350654 | Global Improvement.
0 | 1 | 13 | 13 | Search | -350656 | -350656 | Global Improvement.
0 | 1 | 14 | 14 | Search | -350774 | -350774 | Global Improvement.
0 | 1 | 15 | 15 | Search | -350790 | -350790 | Global Improvement.
0 | 1 | 16 | 16 | Search | -350866 | -350866 | Global Improvement.
0 | 1 | 20 | 20 | Search | -350894 | -350894 | Global Improvement.
0 | 1 | 21 | 21 | Search | -350900 | -350900 | Global Improvement.
0 | 1 | 22 | 22 | Search | -350904 | -350904 | Global Improvement.
3 | 1 | 118 | 118 | Search | -350910 | -350910 | Global Improvement.
3 | 1 | 119 | 119 | Search | -350930 | -350930 | Global Improvement.
3 | 1 | 120 | 120 | Search | -350946 | -350946 | Global Improvement.
3 | 1 | 121 | 121 | Search | -350950 | -350950 | Global Improvement.
3 | 1 | 122 | 122 | Search | -350952 | -350952 | Global Improvement.
3 | 1 | 123 | 123 | Search | -350970 | -350970 | Global Improvement.
3 | 1 | 125 | 125 | Search | -351022 | -351022 | Global Improvement.
3 | 1 | 126 | 126 | Search | -351072 | -351072 | Global Improvement.
3 | 1 | 127 | 127 | Search | -351080 | -351080 | Global Improvement.
3 | 1 | 128 | 128 | Search | -351090 | -351090 | Global Improvement.
3 | 1 | 130 | 130 | Search | -351092 | -351092 | Global Improvement.
3 | 1 | 132 | 132 | Search | -351128 | -351128 | Global Improvement.
3 | 1 | 135 | 135 | Search | -351146 | -351146 | Global Improvement.
4 | 1 | 164 | 164 | Search | -351160 | -351160 | Global Improvement.
6 | 1 | 235 | 235 | Search | -351170 | -351170 | Global Improvement.
9 | 1 | 351 | 351 | Search | -351174 | -351174 | Global Improvement.
9 | 1 | 352 | 352 | Search | -351196 | -351196 | Global Improvement.
9 | 1 | 353 | 353 | Search | -351202 | -351202 | Global Improvement.
53 | 3 | 1871 | 18 | Search | -351204 | -351204 | Global Improvement.
53 | 3 | 1872 | 19 | Search | -351206 | -351206 | Global Improvement.
53 | 3 | 1873 | 20 | Search | -351328 | -351328 | Global Improvement.
53 | 3 | 1874 | 21 | Search | -351392 | -351392 | Global Improvement.
53 | 3 | 1877 | 24 | Search | -351456 | -351456 | Global Improvement.
159 | 7 | 5392 | 515 | Search | -351462 | -351462 | Global Improvement.
159 | 7 | 5393 | 516 | Search | -351466 | -351466 | Global Improvement.
160 | 7 | 5418 | 541 | Search | -351482 | -351482 | Global Improvement.
160 | 7 | 5420 | 543 | Search | -351516 | -351516 | Global Improvement.
160 | 7 | 5421 | 544 | Search | -351642 | -351642 | Global Improvement.
160 | 7 | 5422 | 545 | Search | -351682 | -351682 | Global Improvement.
160 | 7 | 5424 | 547 | Search | -351690 | -351690 | Global Improvement.
160 | 7 | 5428 | 551 | Search | -351704 | -351704 | Global Improvement.
160 | 7 | 5429 | 552 | Search | -351708 | -351708 | Global Improvement.
160 | 7 | 5430 | 553 | Search | -351712 | -351712 | Global Improvement.
161 | 7 | 5449 | 572 | Search | -351734 | -351734 | Global Improvement.
161 | 7 | 5450 | 573 | Search | -351758 | -351758 | Global Improvement.
168 | 7 | 5676 | 799 | Search | -351762 | -351762 | Global Improvement.
185 | 7 | 6272 | 1395 | Search | -351770 | -351770 | Global Improvement.
185 | 7 | 6273 | 1396 | Search | -351810 | -351810 | Global Improvement.
185 | 7 | 6274 | 1397 | Search | -351832 | -351832 | Global Improvement.
185 | 7 | 6276 | 1399 | Search | -351862 | -351862 | Global Improvement.
186 | 7 | 6307 | 1430 | Search | -351868 | -351868 | Global Improvement.
186 | 7 | 6308 | 1431 | Search | -351904 | -351904 | Global Improvement.

 Optimization finished in 3.59703915s. 
 Objective of best solution found: -351904
Size shrunk from 1000 to 1000
Time(ms) | Phase nr. | It | Phase It | Phase Type | objective | best obj. | move type
0 | 1 | 1 | 1 | Search | -345664 | -345664 | Global Improvement.
0 | 1 | 2 | 2 | Search | -345900 | -345900 | Global Improvement.
0 | 1 | 3 | 3 | Search | -346140 | -346140 | Global Improvement.
0 | 1 | 4 | 4 | Search | -346308 | -346308 | Global Improvement.
0 | 1 | 5 | 5 | Search | -346418 | -346418 | Global Improvement.
0 | 1 | 6 | 6 | Search | -346510 | -346510 | Global Improvement.
0 | 1 | 7 | 7 | Search | -346590 | -346590 | Global Improvement.
0 | 1 | 8 | 8 | Search | -346685 | -346685 | Global Improvement.
0 | 1 | 9 | 9 | Search | -346749 | -346749 | Global Improvement.
0 | 1 | 10 | 10 | Search | -346863 | -346863 | Global Improvement.
0 | 1 | 11 | 11 | Search | -346919 | -346919 | Global Improvement.
0 | 1 | 12 | 12 | Search | -346999 | -346999 | Global Improvement.
0 | 1 | 13 | 13 | Search | -347045 | -347045 | Global Improvement.
0 | 1 | 14 | 14 | Search | -347071 | -347071 | Global Improvement.
0 | 1 | 15 | 15 | Search | -347105 | -347105 | Global Improvement.
0 | 1 | 16 | 16 | Search | -347129 | -347129 | Global Improvement.
0 | 1 | 17 | 17 | Search | -347143 | -347143 | Global Improvement.
0 | 1 | 18 | 18 | Search | -347149 | -347149 | Global Improvement.
0 | 1 | 19 | 19 | Search | -347163 | -347163 | Global Improvement.
0 | 1 | 21 | 21 | Search | -347185 | -347185 | Global Improvement.
0 | 1 | 23 | 23 | Search | -347261 | -347261 | Global Improvement.
1 | 1 | 28 | 28 | Search | -347295 | -347295 | Global Improvement.
1 | 1 | 29 | 29 | Search | -347367 | -347367 | Global Improvement.
1 | 1 | 30 | 30 | Search | -347383 | -347383 | Global Improvement.
1 | 1 | 31 | 31 | Search | -347389 | -347389 | Global Improvement.
1 | 1 | 32 | 32 | Search | -347393 | -347393 | Global Improvement.
1 | 1 | 56 | 56 | Search | -347420 | -347420 | Global Improvement.
1 | 1 | 57 | 57 | Search | -347428 | -347428 | Global Improvement.
2 | 1 | 62 | 62 | Search | -347460 | -347460 | Global Improvement.
2 | 1 | 68 | 68 | Search | -347485 | -347485 | Global Improvement.
2 | 1 | 69 | 69 | Search | -347507 | -347507 | Global Improvement.
2 | 1 | 70 | 70 | Search | -347515 | -347515 | Global Improvement.
2 | 1 | 71 | 71 | Search | -347603 | -347603 | Global Improvement.
2 | 1 | 77 | 77 | Search | -347681 | -347681 | Global Improvement.
2 | 1 | 78 | 78 | Search | -347689 | -347689 | Global Improvement.
2 | 1 | 79 | 79 | Search | -347697 | -347697 | Global Improvement.
2 | 1 | 80 | 80 | Search | -347763 | -347763 | Global Improvement.
2 | 1 | 83 | 83 | Search | -347813 | -347813 | Global Improvement.
2 | 1 | 85 | 85 | Search | -347881 | -347881 | Global Improvement.
3 | 1 | 90 | 90 | Search | -347943 | -347943 | Global Improvement.
3 | 1 | 91 | 91 | Search | -347951 | -347951 | Global Improvement.
3 | 1 | 92 | 92 | Search | -347955 | -347955 | Global Improvement.
3 | 1 | 95 | 95 | Search | -347959 | -347959 | Global Improvement.
3 | 1 | 98 | 98 | Search | -347967 | -347967 | Global Improvement.
3 | 1 | 99 | 99 | Search | -347979 | -347979 | Global Improvement.
3 | 1 | 113 | 113 | Search | -347987 | -347987 | Global Improvement.
3 | 1 | 114 | 114 | Search | -347999 | -347999 | Global Improvement.
3 | 1 | 115 | 115 | Search | -348003 | -348003 | Global Improvement.
4 | 1 | 122 | 122 | Search | -348025 | -348025 | Global Improvement.
4 | 1 | 123 | 123 | Search | -348081 | -348081 | Global Improvement.
4 | 1 | 124 | 124 | Search | -348119 | -348119 | Global Improvement.
4 | 1 | 125 | 125 | Search | -348121 | -348121 | Global Improvement.
4 | 1 | 127 | 127 | Search | -348220 | -348220 | Global Improvement.
4 | 1 | 128 | 128 | Search | -348334 | -348334 | Global Improvement.
4 | 1 | 134 | 134 | Search | -348378 | -348378 | Global Improvement.
5 | 1 | 146 | 146 | Search | -348394 | -348394 | Global Improvement.
5 | 1 | 147 | 147 | Search | -348476 | -348476 | Global Improvement.
5 | 1 | 148 | 148 | Search | -348498 | -348498 | Global Improvement.
5 | 1 | 151 | 151 | Search | -348508 | -348508 | Global Improvement.
5 | 1 | 152 | 152 | Search | -348516 | -348516 | Global Improvement.
6 | 1 | 181 | 181 | Search | -348517 | -348517 | Global Improvement.
6 | 1 | 182 | 182 | Search | -348547 | -348547 | Global Improvement.
6 | 1 | 183 | 183 | Search | -348571 | -348571 | Global Improvement.
6 | 1 | 184 | 184 | Search | -348593 | -348593 | Global Improvement.
6 | 1 | 190 | 190 | Search | -348594 | -348594 | Global Improvement.
6 | 1 | 191 | 191 | Search | -348602 | -348602 | Global Improvement.
212 | 9 | 6324 | 133 | Search | -348604 | -348604 | Global Improvement.
212 | 9 | 6325 | 134 | Search | -348620 | -348620 | Global Improvement.
212 | 9 | 6326 | 135 | Search | -348634 | -348634 | Global Improvement.
212 | 9 | 6327 | 136 | Search | -348642 | -348642 | Global Improvement.
212 | 9 | 6334 | 143 | Search | -348669 | -348669 | Global Improvement.
212 | 9 | 6335 | 144 | Search | -348743 | -348743 | Global Improvement.
212 | 9 | 6337 | 146 | Search | -348854 | -348854 | Global Improvement.
240 | 9 | 7305 | 1114 | Search | -348879 | -348879 | Global Improvement.
240 | 9 | 7306 | 1115 | Search | -348937 | -348937 | Global Improvement.
240 | 9 | 7307 | 1116 | Search | -348959 | -348959 | Global Improvement.
240 | 9 | 7308 | 1117 | Search | -348971 | -348971 | Global Improvement.
241 | 9 | 7344 | 1153 | Search | -348976 | -348976 | Global Improvement.
241 | 9 | 7345 | 1154 | Search | -348992 | -348992 | Global Improvement.
243 | 9 | 7409 | 1218 | Search | -348998 | -348998 | Global Improvement.
247 | 9 | 7543 | 1352 | Search | -349016 | -349016 | Global Improvement.
248 | 9 | 7559 | 1368 | Search | -349022 | -349022 | Global Improvement.
248 | 9 | 7560 | 1369 | Search | -349086 | -349086 | Global Improvement.
248 | 9 | 7561 | 1370 | Search | -349096 | -349096 | Global Improvement.
248 | 9 | 7562 | 1371 | Search | -349104 | -349104 | Global Improvement.
324 | 11 | 9986 | 924 | Search | -349158 | -349158 | Global Improvement.
324 | 11 | 9989 | 927 | Search | -349196 | -349196 | Global Improvement.
325 | 11 | 9990 | 928 | Search | -349228 | -349228 | Global Improvement.
395 | 13 | 12242 | 752 | Search | -349252 | -349252 | Global Improvement.
396 | 13 | 12264 | 774 | Search | -349254 | -349254 | Global Improvement.
3478 | 143 | 110305 | 541 | Search | -349259 | -349259 | Global Improvement.
3478 | 143 | 110306 | 542 | Search | -349297 | -349297 | Global Improvement.
3478 | 143 | 110307 | 543 | Search | -349313 | -349313 | Global Improvement.
3478 | 143 | 110308 | 544 | Search | -349323 | -349323 | Global Improvement.
3478 | 143 | 110309 | 545 | Search | -349331 | -349331 | Global Improvement.
3525 | 145 | 111919 | 110 | Search | -349337 | -349337 | Global Improvement.

 Optimization finished in 7.950121793s. 
 Objective of best solution found: -349337
Time(ms) | Phase nr. | It | Phase It | Phase Type | objective | best obj. | move type
0 | 1 | 1 | 1 | Search | -345664 | -345664 | Global Improvement.
0 | 1 | 2 | 2 | Search | -345900 | -345900 | Global Improvement.
0 | 1 | 3 | 3 | Search | -346140 | -346140 | Global Improvement.
0 | 1 | 4 | 4 | Search | -346308 | -346308 | Global Improvement.
0 | 1 | 5 | 5 | Search | -346418 | -346418 | Global Improvement.
0 | 1 | 6 | 6 | Search | -346510 | -346510 | Global Improvement.
0 | 1 | 7 | 7 | Search | -346590 | -346590 | Global Improvement.
0 | 1 | 8 | 8 | Search | -346685 | -346685 | Global Improvement.
0 | 1 | 9 | 9 | Search | -346749 | -346749 | Global Improvement.
0 | 1 | 10 | 10 | Search | -346863 | -346863 | Global Improvement.
0 | 1 | 11 | 11 | Search | -346919 | -346919 | Global Improvement.
0 | 1 | 12 | 12 | Search | -346999 | -346999 | Global Improvement.
0 | 1 | 13 | 13 | Search | -347045 | -347045 | Global Improvement.
0 | 1 | 14 | 14 | Search | -347071 | -347071 | Global Improvement.
0 | 1 | 15 | 15 | Search | -347105 | -347105 | Global Improvement.
0 | 1 | 16 | 16 | Search | -347129 | -347129 | Global Improvement.
0 | 1 | 17 | 17 | Search | -347143 | -347143 | Global Improvement.
0 | 1 | 18 | 18 | Search | -347149 | -347149 | Global Improvement.
0 | 1 | 19 | 19 | Search | -347163 | -347163 | Global Improvement.
0 | 1 | 21 | 21 | Search | -347185 | -347185 | Global Improvement.
0 | 1 | 23 | 23 | Search | -347261 | -347261 | Global Improvement.
0 | 1 | 28 | 28 | Search | -347295 | -347295 | Global Improvement.
0 | 1 | 29 | 29 | Search | -347367 | -347367 | Global Improvement.
1 | 1 | 30 | 30 | Search | -347383 | -347383 | Global Improvement.
1 | 1 | 31 | 31 | Search | -347389 | -347389 | Global Improvement.
1 | 1 | 32 | 32 | Search | -347393 | -347393 | Global Improvement.
1 | 1 | 56 | 56 | Search | -347420 | -347420 | Global Improvement.
1 | 1 | 57 | 57 | Search | -347428 | -347428 | Global Improvement.
1 | 1 | 62 | 62 | Search | -347460 | -347460 | Global Improvement.
2 | 1 | 68 | 68 | Search | -347485 | -347485 | Global Improvement.
2 | 1 | 69 | 69 | Search | -347507 | -347507 | Global Improvement.
2 | 1 | 70 | 70 | Search | -347515 | -347515 | Global Improvement.
2 | 1 | 71 | 71 | Search | -347603 | -347603 | Global Improvement.
2 | 1 | 77 | 77 | Search | -347681 | -347681 | Global Improvement.
2 | 1 | 78 | 78 | Search | -347689 | -347689 | Global Improvement.
2 | 1 | 79 | 79 | Search | -347697 | -347697 | Global Improvement.
2 | 1 | 80 | 80 | Search | -347763 | -347763 | Global Improvement.
2 | 1 | 83 | 83 | Search | -347813 | -347813 | Global Improvement.
2 | 1 | 85 | 85 | Search | -347881 | -347881 | Global Improvement.
2 | 1 | 90 | 90 | Search | -347943 | -347943 | Global Improvement.
2 | 1 | 91 | 91 | Search | -347951 | -347951 | Global Improvement.
2 | 1 | 92 | 92 | Search | -347955 | -347955 | Global Improvement.
2 | 1 | 95 | 95 | Search | -347959 | -347959 | Global Improvement.
2 | 1 | 98 | 98 | Search | -347967 | -347967 | Global Improvement.
3 | 1 | 99 | 99 | Search | -347979 | -347979 | Global Improvement.
3 | 1 | 113 | 113 | Search | -347987 | -347987 | Global Improvement.
3 | 1 | 114 | 114 | Search | -347999 | -347999 | Global Improvement.
3 | 1 | 115 | 115 | Search | -348003 | -348003 | Global Improvement.
3 | 1 | 122 | 122 | Search | -348025 | -348025 | Global Improvement.
3 | 1 | 123 | 123 | Search | -348081 | -348081 | Global Improvement.
3 | 1 | 124 | 124 | Search | -348119 | -348119 | Global Improvement.
3 | 1 | 125 | 125 | Search | -348121 | -348121 | Global Improvement.
3 | 1 | 127 | 127 | Search | -348220 | -348220 | Global Improvement.
3 | 1 | 128 | 128 | Search | -348334 | -348334 | Global Improvement.
3 | 1 | 134 | 134 | Search | -348378 | -348378 | Global Improvement.
4 | 1 | 146 | 146 | Search | -348394 | -348394 | Global Improvement.
4 | 1 | 147 | 147 | Search | -348476 | -348476 | Global Improvement.
4 | 1 | 148 | 148 | Search | -348498 | -348498 | Global Improvement.
4 | 1 | 151 | 151 | Search | -348508 | -348508 | Global Improvement.
4 | 1 | 152 | 152 | Search | -348516 | -348516 | Global Improvement.
5 | 1 | 181 | 181 | Search | -348517 | -348517 | Global Improvement.
5 | 1 | 182 | 182 | Search | -348547 | -348547 | Global Improvement.
5 | 1 | 183 | 183 | Search | -348571 | -348571 | Global Improvement.
5 | 1 | 184 | 184 | Search | -348593 | -348593 | Global Improvement.
5 | 1 | 190 | 190 | Search | -348594 | -348594 | Global Improvement.
5 | 1 | 191 | 191 | Search | -348602 | -348602 | Global Improvement.
600 | 25 | 18636 | 445 | Search | -348608 | -348608 | Global Improvement.
600 | 25 | 18637 | 446 | Search | -348616 | -348616 | Global Improvement.
601 | 25 | 18664 | 473 | Search | -348641 | -348641 | Global Improvement.
601 | 25 | 18665 | 474 | Search | -348663 | -348663 | Global Improvement.
601 | 25 | 18672 | 481 | Search | -348675 | -348675 | Global Improvement.
601 | 25 | 18673 | 482 | Search | -348721 | -348721 | Global Improvement.
601 | 25 | 18674 | 483 | Search | -348741 | -348741 | Global Improvement.
602 | 25 | 18704 | 513 | Search | -348778 | -348778 | Global Improvement.
602 | 25 | 18705 | 514 | Search | -348806 | -348806 | Global Improvement.
602 | 25 | 18706 | 515 | Search | -348828 | -348828 | Global Improvement.
602 | 25 | 18707 | 516 | Search | -348948 | -348948 | Global Improvement.
602 | 25 | 18708 | 517 | Search | -348976 | -348976 | Global Improvement.
602 | 25 | 18709 | 518 | Search | -348996 | -348996 | Global Improvement.
602 | 25 | 18710 | 519 | Search | -349044 | -349044 | Global Improvement.
602 | 25 | 18711 | 520 | Search | -349048 | -349048 | Global Improvement.
602 | 25 | 18712 | 521 | Search | -349083 | -349083 | Global Improvement.
602 | 25 | 18713 | 522 | Search | -349137 | -349137 | Global Improvement.
603 | 25 | 18716 | 525 | Search | -349163 | -349163 | Global Improvement.
603 | 25 | 18717 | 526 | Search | -349227 | -349227 | Global Improvement.
603 | 25 | 18718 | 527 | Search | -349233 | -349233 | Global Improvement.
611 | 25 | 19002 | 811 | Search | -349254 | -349254 | Global Improvement.
3187 | 133 | 100858 | 856 | Search | -349299 | -349299 | Global Improvement.
3187 | 133 | 100859 | 857 | Search | -349337 | -349337 | Global Improvement.

 Optimization finished in 5.874340862s. 
 Objective of best solution found: -349337
Time(ms) | Phase nr. | It | Phase It | Phase Type | objective | best obj. | move type
0 | 1 | 1 | 1 | Search | -345664 | -345664 | Global Improvement.
0 | 1 | 2 | 2 | Search | -345900 | -345900 | Global Improvement.
0 | 1 | 3 | 3 | Search | -346140 | -346140 | Global Improvement.
0 | 1 | 4 | 4 | Search | -346308 | -346308 | Global Improvement.
0 | 1 | 5 | 5 | Search | -346418 | -346418 | Global Improvement.
0 | 1 | 6 | 6 | Search | -346510 | -346510 | Global Improvement.
0 | 1 | 7 | 7 | Search | -346590 | -346590 | Global Improvement.
0 | 1 | 8 | 8 | Search | -346685 | -346685 | Global Improvement.
0 | 1 | 9 | 9 | Search | -346749 | -346749 | Global Improvement.
0 | 1 | 10 | 10 | Search | -346863 | -346863 | Global Improvement.
0 | 1 | 11 | 11 | Search | -346919 | -346919 | Global Improvement.
0 | 1 | 12 | 12 | Search | -346999 | -346999 | Global Improvement.
0 | 1 | 13 | 13 | Search | -347045 | -347045 | Global Improvement.
0 | 1 | 14 | 14 | Search | -347071 | -347071 | Global Improvement.
0 | 1 | 15 | 15 | Search | -347105 | -347105 | Global Improvement.
0 | 1 | 16 | 16 | Search | -347129 | -347129 | Global Improvement.
0 | 1 | 17 | 17 | Search | -347143 | -347143 | Global Improvement.
0 | 1 | 18 | 18 | Search | -347149 | -347149 | Global Improvement.
0 | 1 | 19 | 19 | Search | -347163 | -347163 | Global Improvement.
0 | 1 | 21 | 21 | Search | -347185 | -347185 | Global Improvement.
0 | 1 | 23 | 23 | Search | -347261 | -347261 | Global Improvement.
0 | 1 | 28 | 28 | Search | -347295 | -347295 | Global Improvement.
0 | 1 | 29 | 29 | Search | -347367 | -347367 | Global Improvement.
0 | 1 | 30 | 30 | Search | -347383 | -347383 | Global Improvement.
0 | 1 | 31 | 31 | Search | -347389 | -347389 | Global Improvement.
1 | 1 | 32 | 32 | Search | -347393 | -347393 | Global Improvement.
1 | 1 | 56 | 56 | Search | -347420 | -347420 | Global Improvement.
1 | 1 | 57 | 57 | Search | -347428 | -347428 | Global Improvement.
1 | 1 | 62 | 62 | Search | -347460 | -347460 | Global Improvement.
1 | 1 | 68 | 68 | Search | -347485 | -347485 | Global Improvement.
2 | 1 | 69 | 69 | Search | -347507 | -347507 | Global Improvement.
2 | 1 | 70 | 70 | Search | -347515 | -347515 | Global Improvement.
2 | 1 | 71 | 71 | Search | -347603 | -347603 | Global Improvement.
2 | 1 | 77 | 77 | Search | -347681 | -347681 | Global Improvement.
2 | 1 | 78 | 78 | Search | -347689 | -347689 | Global Improvement.
2 | 1 | 79 | 79 | Search | -347697 | -347697 | Global Improvement.
2 | 1 | 80 | 80 | Search | -347763 | -347763 | Global Improvement.
2 | 1 | 83 | 83 | Search | -347813 | -347813 | Global Improvement.
2 | 1 | 85 | 85 | Search | -347881 | -347881 | Global Improvement.
2 | 1 | 90 | 90 | Search | -347943 | -347943 | Global Improvement.
2 | 1 | 91 | 91 | Search | -347951 | -347951 | Global Improvement.
2 | 1 | 92 | 92 | Search | -347955 | -347955 | Global Improvement.
2 | 1 | 95 | 95 | Search | -347959 | -347959 | Global Improvement.
2 | 1 | 98 | 98 | Search | -347967 | -347967 | Global Improvement.
2 | 1 | 99 | 99 | Search | -347979 | -347979 | Global Improvement.
3 | 1 | 113 | 113 | Search | -347987 | -347987 | Global Improvement.
3 | 1 | 114 | 114 | Search | -347999 | -347999 | Global Improvement.
3 | 1 | 115 | 115 | Search | -348003 | -348003 | Global Improvement.
3 | 1 | 122 | 122 | Search | -348025 | -348025 | Global Improvement.
3 | 1 | 123 | 123 | Search | -348081 | -348081 | Global Improvement.
3 | 1 | 124 | 124 | Search | -348119 | -348119 | Global Improvement.
3 | 1 | 125 | 125 | Search | -348121 | -348121 | Global Improvement.
3 | 1 | 127 | 127 | Search | -348220 | -348220 | Global Improvement.
3 | 1 | 128 | 128 | Search | -348334 | -348334 | Global Improvement.
3 | 1 | 134 | 134 | Search | -348378 | -348378 | Global Improvement.
4 | 1 | 146 | 146 | Search | -348394 | -348394 | Global Improvement.
4 | 1 | 147 | 147 | Search | -348476 | -348476 | Global Improvement.
4 | 1 | 148 | 148 | Search | -348498 | -348498 | Global Improvement.
4 | 1 | 151 | 151 | Search | -348508 | -348508 | Global Improvement.
4 | 1 | 152 | 152 | Search | -348516 | -348516 | Global Improvement.
5 | 1 | 181 | 181 | Search | -348517 | -348517 | Global Improvement.
5 | 1 | 182 | 182 | Search | -348547 | -348547 | Global Improvement.
5 | 1 | 183 | 183 | Search | -348571 | -348571 | Global Improvement.
5 | 1 | 184 | 184 | Search | -348593 | -348593 | Global Improvement.
5 | 1 | 190 | 190 | Search | -348594 | -348594 | Global Improvement.
5 | 1 | 191 | 191 | Search | -348602 | -348602 | Global Improvement.
664 | 29 | 21604 | 413 | Search | -348612 | -348612 | Global Improvement.
664 | 29 | 21605 | 414 | Search | -348618 | -348618 | Global Improvement.
664 | 29 | 21608 | 417 | Search | -348702 | -348702 | Global Improvement.
665 | 29 | 21647 | 456 | Search | -348718 | -348718 | Global Improvement.
668 | 29 | 21744 | 553 | Search | -348726 | -348726 | Global Improvement.
668 | 29 | 21745 | 554 | Search | -348738 | -348738 | Global Improvement.
668 | 29 | 21746 | 555 | Search | -348743 | -348743 | Global Improvement.
668 | 29 | 21747 | 556 | Search | -348763 | -348763 | Global Improvement.
670 | 29 | 21805 | 614 | Search | -348801 | -348801 | Global Improvement.
670 | 29 | 21806 | 615 | Search | -348807 | -348807 | Global Improvement.
3657 | 153 | 115197 | 391 | Search | -348809 | -348809 | Global Improvement.

 Optimization finished in 6.600481235s. 
 Objective of best solution found: -348809

best dsf=1.25 with 99.96326302023078
