Run tenure ratio tuning
Size shrunk from 1000 to 1000
Warning: Given tenure ratio leads to small tabu tenure of 0.Minimum tabu_tenure 5 set instead
Time(ms) | Phase nr. | It | Phase It | Phase Type | objective | best obj. | move type
0 | 1 | 1 | 1 | Search | -349399 | -349399 | Global Improvement.
0 | 1 | 2 | 2 | Search | -349517 | -349517 | Global Improvement.
0 | 1 | 3 | 3 | Search | -349593 | -349593 | Global Improvement.
0 | 1 | 4 | 4 | Search | -349667 | -349667 | Global Improvement.
0 | 1 | 5 | 5 | Search | -349709 | -349709 | Global Improvement.
0 | 1 | 6 | 6 | Search | -349773 | -349773 | Global Improvement.
0 | 1 | 7 | 7 | Search | -349833 | -349833 | Global Improvement.
0 | 1 | 8 | 8 | Search | -349914 | -349914 | Global Improvement.
0 | 1 | 9 | 9 | Search | -350112 | -350112 | Global Improvement.
0 | 1 | 10 | 10 | Search | -350208 | -350208 | Global Improvement.
0 | 1 | 11 | 11 | Search | -350228 | -350228 | Global Improvement.
0 | 1 | 12 | 12 | Search | -350244 | -350244 | Global Improvement.
0 | 1 | 13 | 13 | Search | -350246 | -350246 | Global Improvement.
0 | 1 | 14 | 14 | Search | -350292 | -350292 | Global Improvement.
0 | 1 | 15 | 15 | Search | -350334 | -350334 | Global Improvement.
0 | 1 | 17 | 17 | Search | -350366 | -350366 | Global Improvement.
0 | 1 | 18 | 18 | Search | -350458 | -350458 | Global Improvement.
0 | 1 | 19 | 19 | Search | -350492 | -350492 | Global Improvement.
0 | 1 | 22 | 22 | Search | -350497 | -350497 | Global Improvement.
0 | 1 | 23 | 23 | Search | -350531 | -350531 | Global Improvement.
0 | 1 | 24 | 24 | Search | -350619 | -350619 | Global Improvement.
0 | 1 | 25 | 25 | Search | -350659 | -350659 | Global Improvement.
0 | 1 | 26 | 26 | Search | -350803 | -350803 | Global Improvement.
0 | 1 | 27 | 27 | Search | -350887 | -350887 | Global Improvement.
0 | 1 | 28 | 28 | Search | -350957 | -350957 | Global Improvement.
0 | 1 | 29 | 29 | Search | -351049 | -351049 | Global Improvement.
1 | 1 | 30 | 30 | Search | -351125 | -351125 | Global Improvement.
1 | 1 | 31 | 31 | Search | -351285 | -351285 | Global Improvement.
1 | 1 | 32 | 32 | Search | -351419 | -351419 | Global Improvement.
1 | 1 | 33 | 33 | Search | -351486 | -351486 | Global Improvement.
1 | 1 | 34 | 34 | Search | -351522 | -351522 | Global Improvement.
1 | 1 | 43 | 43 | Search | -351593 | -351593 | Global Improvement.
1 | 1 | 44 | 44 | Search | -351649 | -351649 | Global Improvement.
1 | 1 | 45 | 45 | Search | -351693 | -351693 | Global Improvement.
1 | 1 | 46 | 46 | Search | -351717 | -351717 | Global Improvement.
1 | 1 | 47 | 47 | Search | -351809 | -351809 | Global Improvement.
1 | 1 | 53 | 53 | Search | -351812 | -351812 | Global Improvement.
1 | 1 | 54 | 54 | Search | -351822 | -351822 | Global Improvement.
1 | 1 | 57 | 57 | Search | -351910 | -351910 | Global Improvement.
1 | 1 | 59 | 59 | Search | -351948 | -351948 | Global Improvement.
1 | 1 | 60 | 60 | Search | -352012 | -352012 | Global Improvement.
1 | 1 | 61 | 61 | Search | -352040 | -352040 | Global Improvement.
2 | 1 | 64 | 64 | Search | -352049 | -352049 | Global Improvement.
2 | 1 | 73 | 73 | Search | -352134 | -352134 | Global Improvement.
2 | 1 | 74 | 74 | Search | -352236 | -352236 | Global Improvement.
2 | 1 | 75 | 75 | Search | -352287 | -352287 | Global Improvement.
2 | 1 | 84 | 84 | Search | -352301 | -352301 | Global Improvement.
2 | 1 | 85 | 85 | Search | -352433 | -352433 | Global Improvement.
55 | 3 | 1751 | 166 | Search | -352439 | -352439 | Global Improvement.
55 | 3 | 1752 | 167 | Search | -352445 | -352445 | Global Improvement.
55 | 3 | 1753 | 168 | Search | -352449 | -352449 | Global Improvement.
55 | 3 | 1754 | 169 | Search | -352493 | -352493 | Global Improvement.
55 | 3 | 1762 | 177 | Search | -352501 | -352501 | Global Improvement.
55 | 3 | 1763 | 178 | Search | -352517 | -352517 | Global Improvement.
58 | 3 | 1860 | 275 | Search | -352520 | -352520 | Global Improvement.
58 | 3 | 1861 | 276 | Search | -352541 | -352541 | Global Improvement.
58 | 3 | 1862 | 277 | Search | -352571 | -352571 | Global Improvement.
58 | 3 | 1863 | 278 | Search | -352577 | -352577 | Global Improvement.
422 | 19 | 13893 | 30 | Search | -352589 | -352589 | Global Improvement.
423 | 19 | 13894 | 31 | Search | -352609 | -352609 | Global Improvement.
423 | 19 | 13895 | 32 | Search | -352621 | -352621 | Global Improvement.

 Optimization finished in 8.41012458s. 
 Objective of best solution found: -352621
Time(ms) | Phase nr. | It | Phase It | Phase Type | objective | best obj. | move type
0 | 1 | 1 | 1 | Search | -349399 | -349399 | Global Improvement.
0 | 1 | 2 | 2 | Search | -349517 | -349517 | Global Improvement.
0 | 1 | 3 | 3 | Search | -349593 | -349593 | Global Improvement.
0 | 1 | 4 | 4 | Search | -349667 | -349667 | Global Improvement.
0 | 1 | 5 | 5 | Search | -349709 | -349709 | Global Improvement.
0 | 1 | 6 | 6 | Search | -349773 | -349773 | Global Improvement.
0 | 1 | 7 | 7 | Search | -349833 | -349833 | Global Improvement.
0 | 1 | 8 | 8 | Search | -349914 | -349914 | Global Improvement.
0 | 1 | 9 | 9 | Search | -350112 | -350112 | Global Improvement.
0 | 1 | 10 | 10 | Search | -350208 | -350208 | Global Improvement.
0 | 1 | 11 | 11 | Search | -350228 | -350228 | Global Improvement.
0 | 1 | 12 | 12 | Search | -350244 | -350244 | Global Improvement.
0 | 1 | 13 | 13 | Search | -350246 | -350246 | Global Improvement.
0 | 1 | 14 | 14 | Search | -350292 | -350292 | Global Improvement.
0 | 1 | 15 | 15 | Search | -350334 | -350334 | Global Improvement.
0 | 1 | 17 | 17 | Search | -350366 | -350366 | Global Improvement.
0 | 1 | 18 | 18 | Search | -350458 | -350458 | Global Improvement.
0 | 1 | 19 | 19 | Search | -350492 | -350492 | Global Improvement.
0 | 1 | 22 | 22 | Search | -350497 | -350497 | Global Improvement.
0 | 1 | 23 | 23 | Search | -350531 | -350531 | Global Improvement.
0 | 1 | 24 | 24 | Search | -350619 | -350619 | Global Improvement.
0 | 1 | 25 | 25 | Search | -350659 | -350659 | Global Improvement.
0 | 1 | 26 | 26 | Search | -350803 | -350803 | Global Improvement.
0 | 1 | 27 | 27 | Search | -350887 | -350887 | Global Improvement.
0 | 1 | 28 | 28 | Search | -350957 | -350957 | Global Improvement.
1 | 1 | 29 | 29 | Search | -351049 | -351049 | Global Improvement.
1 | 1 | 30 | 30 | Search | -351125 | -351125 | Global Improvement.
1 | 1 | 31 | 31 | Search | -351285 | -351285 | Global Improvement.
1 | 1 | 32 | 32 | Search | -351419 | -351419 | Global Improvement.
1 | 1 | 33 | 33 | Search | -351486 | -351486 | Global Improvement.
1 | 1 | 34 | 34 | Search | -351522 | -351522 | Global Improvement.
1 | 1 | 40 | 40 | Search | -351569 | -351569 | Global Improvement.
1 | 1 | 41 | 41 | Search | -351585 | -351585 | Global Improvement.
1 | 1 | 42 | 42 | Search | -351589 | -351589 | Global Improvement.
1 | 1 | 43 | 43 | Search | -351679 | -351679 | Global Improvement.
1 | 1 | 44 | 44 | Search | -351735 | -351735 | Global Improvement.
1 | 1 | 45 | 45 | Search | -351767 | -351767 | Global Improvement.
1 | 1 | 46 | 46 | Search | -351818 | -351818 | Global Improvement.
1 | 1 | 47 | 47 | Search | -351834 | -351834 | Global Improvement.
1 | 1 | 49 | 49 | Search | -351870 | -351870 | Global Improvement.
1 | 1 | 50 | 50 | Search | -351914 | -351914 | Global Improvement.
1 | 1 | 51 | 51 | Search | -351928 | -351928 | Global Improvement.
1 | 1 | 54 | 54 | Search | -351978 | -351978 | Global Improvement.
2 | 1 | 61 | 61 | Search | -352012 | -352012 | Global Improvement.
2 | 1 | 62 | 62 | Search | -352102 | -352102 | Global Improvement.
2 | 1 | 63 | 63 | Search | -352154 | -352154 | Global Improvement.
2 | 1 | 64 | 64 | Search | -352202 | -352202 | Global Improvement.
2 | 1 | 65 | 65 | Search | -352228 | -352228 | Global Improvement.
2 | 1 | 66 | 66 | Search | -352238 | -352238 | Global Improvement.
2 | 1 | 67 | 67 | Search | -352240 | -352240 | Global Improvement.
178 | 7 | 5538 | 971 | Search | -352268 | -352268 | Global Improvement.
178 | 7 | 5539 | 972 | Search | -352322 | -352322 | Global Improvement.
178 | 7 | 5540 | 973 | Search | -352374 | -352374 | Global Improvement.
178 | 7 | 5541 | 974 | Search | -352424 | -352424 | Global Improvement.
178 | 7 | 5542 | 975 | Search | -352450 | -352450 | Global Improvement.
178 | 7 | 5543 | 976 | Search | -352486 | -352486 | Global Improvement.
178 | 7 | 5544 | 977 | Search | -352512 | -352512 | Global Improvement.
178 | 7 | 5545 | 978 | Search | -352586 | -352586 | Global Improvement.
178 | 7 | 5546 | 979 | Search | -352600 | -352600 | Global Improvement.
178 | 7 | 5547 | 980 | Search | -352606 | -352606 | Global Improvement.
178 | 7 | 5548 | 981 | Search | -352658 | -352658 | Global Improvement.
3091 | 121 | 91357 | 309 | Search | -352730 | -352730 | Global Improvement.

 Optimization finished in 5.352264762s. 
 Objective of best solution found: -352730
Time(ms) | Phase nr. | It | Phase It | Phase Type | objective | best obj. | move type
0 | 1 | 1 | 1 | Search | -349399 | -349399 | Global Improvement.
0 | 1 | 2 | 2 | Search | -349517 | -349517 | Global Improvement.
0 | 1 | 3 | 3 | Search | -349593 | -349593 | Global Improvement.
0 | 1 | 4 | 4 | Search | -349667 | -349667 | Global Improvement.
0 | 1 | 5 | 5 | Search | -349709 | -349709 | Global Improvement.
0 | 1 | 6 | 6 | Search | -349773 | -349773 | Global Improvement.
0 | 1 | 7 | 7 | Search | -349833 | -349833 | Global Improvement.
0 | 1 | 8 | 8 | Search | -349914 | -349914 | Global Improvement.
0 | 1 | 9 | 9 | Search | -350112 | -350112 | Global Improvement.
0 | 1 | 10 | 10 | Search | -350208 | -350208 | Global Improvement.
0 | 1 | 11 | 11 | Search | -350228 | -350228 | Global Improvement.
0 | 1 | 12 | 12 | Search | -350244 | -350244 | Global Improvement.
0 | 1 | 13 | 13 | Search | -350246 | -350246 | Global Improvement.
0 | 1 | 14 | 14 | Search | -350292 | -350292 | Global Improvement.
0 | 1 | 15 | 15 | Search | -350334 | -350334 | Global Improvement.
0 | 1 | 17 | 17 | Search | -350366 | -350366 | Global Improvement.
0 | 1 | 18 | 18 | Search | -350458 | -350458 | Global Improvement.
0 | 1 | 19 | 19 | Search | -350492 | -350492 | Global Improvement.
0 | 1 | 22 | 22 | Search | -350497 | -350497 | Global Improvement.
0 | 1 | 23 | 23 | Search | -350531 | -350531 | Global Improvement.
0 | 1 | 24 | 24 | Search | -350619 | -350619 | Global Improvement.
0 | 1 | 25 | 25 | Search | -350659 | -350659 | Global Improvement.
0 | 1 | 26 | 26 | Search | -350803 | -350803 | Global Improvement.
0 | 1 | 27 | 27 | Search | -350887 | -350887 | Global Improvement.
0 | 1 | 28 | 28 | Search | -350957 | -350957 | Global Improvement.
0 | 1 | 29 | 29 | Search | -351049 | -351049 | Global Improvement.
1 | 1 | 30 | 30 | Search | -351125 | -351125 | Global Improvement.
1 | 1 | 31 | 31 | Search | -351285 | -351285 | Global Improvement.
1 | 1 | 32 | 32 | Search | -351419 | -351419 | Global Improvement.
1 | 1 | 33 | 33 | Search | -351486 | -351486 | Global Improvement.
1 | 1 | 34 | 34 | Search | -351522 | -351522 | Global Improvement.
1 | 1 | 40 | 40 | Search | -351569 | -351569 | Global Improvement.
1 | 1 | 41 | 41 | Search | -351585 | -351585 | Global Improvement.
1 | 1 | 42 | 42 | Search | -351589 | -351589 | Global Improvement.
1 | 1 | 43 | 43 | Search | -351679 | -351679 | Global Improvement.
1 | 1 | 44 | 44 | Search | -351735 | -351735 | Global Improvement.
1 | 1 | 45 | 45 | Search | -351767 | -351767 | Global Improvement.
1 | 1 | 46 | 46 | Search | -351818 | -351818 | Global Improvement.
1 | 1 | 47 | 47 | Search | -351834 | -351834 | Global Improvement.
1 | 1 | 49 | 49 | Search | -351870 | -351870 | Global Improvement.
1 | 1 | 50 | 50 | Search | -351914 | -351914 | Global Improvement.
1 | 1 | 51 | 51 | Search | -351928 | -351928 | Global Improvement.
1 | 1 | 54 | 54 | Search | -351978 | -351978 | Global Improvement.
1 | 1 | 61 | 61 | Search | -352012 | -352012 | Global Improvement.
1 | 1 | 62 | 62 | Search | -352102 | -352102 | Global Improvement.
2 | 1 | 63 | 63 | Search | -352154 | -352154 | Global Improvement.
2 | 1 | 64 | 64 | Search | -352202 | -352202 | Global Improvement.
2 | 1 | 65 | 65 | Search | -352228 | -352228 | Global Improvement.
2 | 1 | 66 | 66 | Search | -352238 | -352238 | Global Improvement.
2 | 1 | 67 | 67 | Search | -352240 | -352240 | Global Improvement.
1470 | 55 | 40789 | 222 | Search | -352241 | -352241 | Global Improvement.

 Optimization finished in 4.543676709s. 
 Objective of best solution found: -352241
Time(ms) | Phase nr. | It | Phase It | Phase Type | objective | best obj. | move type
0 | 1 | 1 | 1 | Search | -349399 | -349399 | Global Improvement.
0 | 1 | 2 | 2 | Search | -349517 | -349517 | Global Improvement.
0 | 1 | 3 | 3 | Search | -349593 | -349593 | Global Improvement.
0 | 1 | 4 | 4 | Search | -349667 | -349667 | Global Improvement.
0 | 1 | 5 | 5 | Search | -349709 | -349709 | Global Improvement.
0 | 1 | 6 | 6 | Search | -349773 | -349773 | Global Improvement.
0 | 1 | 7 | 7 | Search | -349833 | -349833 | Global Improvement.
0 | 1 | 8 | 8 | Search | -349914 | -349914 | Global Improvement.
0 | 1 | 9 | 9 | Search | -350112 | -350112 | Global Improvement.
0 | 1 | 10 | 10 | Search | -350208 | -350208 | Global Improvement.
0 | 1 | 11 | 11 | Search | -350228 | -350228 | Global Improvement.
0 | 1 | 12 | 12 | Search | -350244 | -350244 | Global Improvement.
0 | 1 | 13 | 13 | Search | -350246 | -350246 | Global Improvement.
0 | 1 | 14 | 14 | Search | -350292 | -350292 | Global Improvement.
0 | 1 | 15 | 15 | Search | -350334 | -350334 | Global Improvement.
0 | 1 | 17 | 17 | Search | -350366 | -350366 | Global Improvement.
0 | 1 | 18 | 18 | Search | -350458 | -350458 | Global Improvement.
0 | 1 | 19 | 19 | Search | -350492 | -350492 | Global Improvement.
0 | 1 | 22 | 22 | Search | -350497 | -350497 | Global Improvement.
0 | 1 | 23 | 23 | Search | -350531 | -350531 | Global Improvement.
0 | 1 | 24 | 24 | Search | -350619 | -350619 | Global Improvement.
0 | 1 | 25 | 25 | Search | -350659 | -350659 | Global Improvement.
0 | 1 | 26 | 26 | Search | -350803 | -350803 | Global Improvement.
1 | 1 | 27 | 27 | Search | -350887 | -350887 | Global Improvement.
1 | 1 | 28 | 28 | Search | -350957 | -350957 | Global Improvement.
1 | 1 | 29 | 29 | Search | -351049 | -351049 | Global Improvement.
1 | 1 | 30 | 30 | Search | -351125 | -351125 | Global Improvement.
1 | 1 | 31 | 31 | Search | -351285 | -351285 | Global Improvement.
1 | 1 | 32 | 32 | Search | -351419 | -351419 | Global Improvement.
1 | 1 | 33 | 33 | Search | -351486 | -351486 | Global Improvement.
1 | 1 | 34 | 34 | Search | -351522 | -351522 | Global Improvement.
1 | 1 | 40 | 40 | Search | -351569 | -351569 | Global Improvement.
1 | 1 | 41 | 41 | Search | -351585 | -351585 | Global Improvement.
1 | 1 | 42 | 42 | Search | -351589 | -351589 | Global Improvement.
1 | 1 | 43 | 43 | Search | -351679 | -351679 | Global Improvement.
1 | 1 | 44 | 44 | Search | -351735 | -351735 | Global Improvement.
1 | 1 | 45 | 45 | Search | -351767 | -351767 | Global Improvement.
1 | 1 | 46 | 46 | Search | -351818 | -351818 | Global Improvement.
1 | 1 | 47 | 47 | Search | -351834 | -351834 | Global Improvement.
1 | 1 | 49 | 49 | Search | -351870 | -351870 | Global Improvement.
1 | 1 | 50 | 50 | Search | -351914 | -351914 | Global Improvement.
1 | 1 | 51 | 51 | Search | -351928 | -351928 | Global Improvement.
1 | 1 | 54 | 54 | Search | -351978 | -351978 | Global Improvement.
2 | 1 | 61 | 61 | Search | -352012 | -352012 | Global Improvement.
2 | 1 | 62 | 62 | Search | -352102 | -352102 | Global Improvement.
2 | 1 | 63 | 63 | Search | -352154 | -352154 | Global Improvement.
2 | 1 | 64 | 64 | Search | -352202 | -352202 | Global Improvement.
2 | 1 | 65 | 65 | Search | -352228 | -352228 | Global Improvement.
2 | 1 | 66 | 66 | Search | -352238 | -352238 | Global Improvement.
2 | 1 | 67 | 67 | Search | -352240 | -352240 | Global Improvement.

 Optimization finished in 2.649657315s. 
 Objective of best solution found: -352240
Time(ms) | Phase nr. | It | Phase It | Phase Type | objective | best obj. | move type
0 | 1 | 1 | 1 | Search | -349399 | -349399 | Global Improvement.
0 | 1 | 2 | 2 | Search | -349517 | -349517 | Global Improvement.
0 | 1 | 3 | 3 | Search | -349593 | -349593 | Global Improvement.
0 | 1 | 4 | 4 | Search | -349667 | -349667 | Global Improvement.
0 | 1 | 5 | 5 | Search | -349709 | -349709 | Global Improvement.
0 | 1 | 6 | 6 | Search | -349773 | -349773 | Global Improvement.
0 | 1 | 7 | 7 | Search | -349833 | -349833 | Global Improvement.
0 | 1 | 8 | 8 | Search | -349914 | -349914 | Global Improvement.
0 | 1 | 9 | 9 | Search | -350112 | -350112 | Global Improvement.
0 | 1 | 10 | 10 | Search | -350208 | -350208 | Global Improvement.
0 | 1 | 11 | 11 | Search | -350228 | -350228 | Global Improvement.
0 | 1 | 12 | 12 | Search | -350244 | -350244 | Global Improvement.
0 | 1 | 13 | 13 | Search | -350246 | -350246 | Global Improvement.
0 | 1 | 14 | 14 | Search | -350292 | -350292 | Global Improvement.
0 | 1 | 15 | 15 | Search | -350334 | -350334 | Global Improvement.
0 | 1 | 17 | 17 | Search | -350366 | -350366 | Global Improvement.
0 | 1 | 18 | 18 | Search | -350458 | -350458 | Global Improvement.
0 | 1 | 19 | 19 | Search | -350492 | -350492 | Global Improvement.
0 | 1 | 22 | 22 | Search | -350497 | -350497 | Global Improvement.
0 | 1 | 23 | 23 | Search | -350531 | -350531 | Global Improvement.
0 | 1 | 24 | 24 | Search | -350619 | -350619 | Global Improvement.
0 | 1 | 25 | 25 | Search | -350659 | -350659 | Global Improvement.
0 | 1 | 26 | 26 | Search | -350803 | -350803 | Global Improvement.
0 | 1 | 27 | 27 | Search | -350887 | -350887 | Global Improvement.
0 | 1 | 28 | 28 | Search | -350957 | -350957 | Global Improvement.
0 | 1 | 29 | 29 | Search | -351049 | -351049 | Global Improvement.
1 | 1 | 30 | 30 | Search | -351125 | -351125 | Global Improvement.
1 | 1 | 31 | 31 | Search | -351285 | -351285 | Global Improvement.
1 | 1 | 32 | 32 | Search | -351419 | -351419 | Global Improvement.
1 | 1 | 33 | 33 | Search | -351486 | -351486 | Global Improvement.
1 | 1 | 34 | 34 | Search | -351522 | -351522 | Global Improvement.
1 | 1 | 40 | 40 | Search | -351569 | -351569 | Global Improvement.
1 | 1 | 41 | 41 | Search | -351585 | -351585 | Global Improvement.
1 | 1 | 42 | 42 | Search | -351589 | -351589 | Global Improvement.
1 | 1 | 43 | 43 | Search | -351679 | -351679 | Global Improvement.
1 | 1 | 44 | 44 | Search | -351735 | -351735 | Global Improvement.
1 | 1 | 45 | 45 | Search | -351767 | -351767 | Global Improvement.
1 | 1 | 46 | 46 | Search | -351818 | -351818 | Global Improvement.
1 | 1 | 47 | 47 | Search | -351834 | -351834 | Global Improvement.
1 | 1 | 49 | 49 | Search | -351870 | -351870 | Global Improvement.
1 | 1 | 50 | 50 | Search | -351914 | -351914 | Global Improvement.
1 | 1 | 51 | 51 | Search | -351928 | -351928 | Global Improvement.
1 | 1 | 54 | 54 | Search | -351978 | -351978 | Global Improvement.
1 | 1 | 61 | 61 | Search | -352012 | -352012 | Global Improvement.
2 | 1 | 62 | 62 | Search | -352102 | -352102 | Global Improvement.
2 | 1 | 63 | 63 | Search | -352154 | -352154 | Global Improvement.
2 | 1 | 64 | 64 | Search | -352202 | -352202 | Global Improvement.
2 | 1 | 65 | 65 | Search | -352228 | -352228 | Global Improvement.
2 | 1 | 66 | 66 | Search | -352238 | -352238 | Global Improvement.
2 | 1 | 67 | 67 | Search | -352240 | -352240 | Global Improvement.

 Optimization finished in 0.081403863s. 
 Objective of best solution found: -352240
Size shrunk from 1000 to 1000
Warning: Given tenure ratio leads to small tabu tenure of 0.Minimum tabu_tenure 5 set instead
Time(ms) | Phase nr. | It | Phase It | Phase Type | objective | best obj. | move type
0 | 1 | 1 | 1 | Search | -356998 | -356998 | Global Improvement.
0 | 1 | 2 | 2 | Search | -357060 | -357060 | Global Improvement.
0 | 1 | 3 | 3 | Search | -357092 | -357092 | Global Improvement.
0 | 1 | 4 | 4 | Search | -357178 | -357178 | Global Improvement.
0 | 1 | 5 | 5 | Search | -357214 | -357214 | Global Improvement.
0 | 1 | 6 | 6 | Search | -357260 | -357260 | Global Improvement.
0 | 1 | 7 | 7 | Search | -357288 | -357288 | Global Improvement.
0 | 1 | 8 | 8 | Search | -357316 | -357316 | Global Improvement.
0 | 1 | 9 | 9 | Search | -357352 | -357352 | Global Improvement.
0 | 1 | 10 | 10 | Search | -357362 | -357362 | Global Improvement.
0 | 1 | 11 | 11 | Search | -357426 | -357426 | Global Improvement.
0 | 1 | 14 | 14 | Search | -357454 | -357454 | Global Improvement.
0 | 1 | 15 | 15 | Search | -357536 | -357536 | Global Improvement.
0 | 1 | 16 | 16 | Search | -357604 | -357604 | Global Improvement.
0 | 1 | 17 | 17 | Search | -357641 | -357641 | Global Improvement.
0 | 1 | 18 | 18 | Search | -357673 | -357673 | Global Improvement.
268 | 13 | 9051 | 33 | Search | -357705 | -357705 | Global Improvement.
268 | 13 | 9052 | 34 | Search | -357707 | -357707 | Global Improvement.
270 | 13 | 9144 | 126 | Search | -357719 | -357719 | Global Improvement.
270 | 13 | 9145 | 127 | Search | -357741 | -357741 | Global Improvement.
359 | 17 | 12174 | 29 | Search | -357783 | -357783 | Global Improvement.
359 | 17 | 12175 | 30 | Search | -357789 | -357789 | Global Improvement.
359 | 17 | 12178 | 33 | Search | -357847 | -357847 | Global Improvement.
359 | 17 | 12179 | 34 | Search | -357955 | -357955 | Global Improvement.
359 | 17 | 12180 | 35 | Search | -358009 | -358009 | Global Improvement.
359 | 17 | 12181 | 36 | Search | -358043 | -358043 | Global Improvement.
359 | 17 | 12182 | 37 | Search | -358071 | -358071 | Global Improvement.
360 | 17 | 12184 | 39 | Search | -358107 | -358107 | Global Improvement.
360 | 17 | 12190 | 45 | Search | -358153 | -358153 | Global Improvement.
360 | 17 | 12191 | 46 | Search | -358191 | -358191 | Global Improvement.
360 | 17 | 12192 | 47 | Search | -358205 | -358205 | Global Improvement.
360 | 17 | 12193 | 48 | Search | -358211 | -358211 | Global Improvement.
360 | 17 | 12194 | 49 | Search | -358213 | -358213 | Global Improvement.
360 | 17 | 12195 | 50 | Search | -358262 | -358262 | Global Improvement.
360 | 17 | 12196 | 51 | Search | -358300 | -358300 | Global Improvement.
360 | 17 | 12197 | 52 | Search | -358312 | -358312 | Global Improvement.
360 | 17 | 12198 | 53 | Search | -358316 | -358316 | Global Improvement.
360 | 17 | 12200 | 55 | Search | -358346 | -358346 | Global Improvement.
388 | 18 | 13210 | 10 | Diversification | -358424 | -358424 | Global Improvement.
388 | 19 | 13211 | 1 | Search | -358488 | -358488 | Global Improvement.
388 | 19 | 13226 | 16 | Search | -358496 | -358496 | Global Improvement.
388 | 19 | 13227 | 17 | Search | -358517 | -358517 | Global Improvement.
388 | 19 | 13228 | 18 | Search | -358555 | -358555 | Global Improvement.
388 | 19 | 13229 | 19 | Search | -358585 | -358585 | Global Improvement.
388 | 19 | 13230 | 20 | Search | -358595 | -358595 | Global Improvement.
389 | 19 | 13265 | 55 | Search | -358601 | -358601 | Global Improvement.
417 | 20 | 14271 | 6 | Diversification | -358633 | -358633 | Global Improvement.
417 | 21 | 14272 | 1 | Search | -358669 | -358669 | Global Improvement.
418 | 21 | 14274 | 3 | Search | -358795 | -358795 | Global Improvement.
418 | 21 | 14298 | 27 | Search | -358862 | -358862 | Global Improvement.
418 | 21 | 14299 | 28 | Search | -358874 | -358874 | Global Improvement.
418 | 21 | 14300 | 29 | Search | -358884 | -358884 | Global Improvement.
418 | 21 | 14301 | 30 | Search | -358886 | -358886 | Global Improvement.
419 | 21 | 14308 | 37 | Search | -358980 | -358980 | Global Improvement.
419 | 21 | 14309 | 38 | Search | -358992 | -358992 | Global Improvement.
419 | 21 | 14310 | 39 | Search | -359002 | -359002 | Global Improvement.
419 | 21 | 14312 | 41 | Search | -359018 | -359018 | Global Improvement.
419 | 21 | 14335 | 64 | Search | -359032 | -359032 | Global Improvement.
419 | 21 | 14336 | 65 | Search | -359078 | -359078 | Global Improvement.
419 | 21 | 14337 | 66 | Search | -359090 | -359090 | Global Improvement.

 Optimization finished in 7.97434541s. 
 Objective of best solution found: -359090
Time(ms) | Phase nr. | It | Phase It | Phase Type | objective | best obj. | move type
0 | 1 | 1 | 1 | Search | -356998 | -356998 | Global Improvement.
0 | 1 | 2 | 2 | Search | -357060 | -357060 | Global Improvement.
0 | 1 | 3 | 3 | Search | -357092 | -357092 | Global Improvement.
0 | 1 | 4 | 4 | Search | -357178 | -357178 | Global Improvement.
0 | 1 | 5 | 5 | Search | -357214 | -357214 | Global Improvement.
0 | 1 | 6 | 6 | Search | -357260 | -357260 | Global Improvement.
0 | 1 | 7 | 7 | Search | -357288 | -357288 | Global Improvement.
0 | 1 | 8 | 8 | Search | -357316 | -357316 | Global Improvement.
0 | 1 | 9 | 9 | Search | -357352 | -357352 | Global Improvement.
0 | 1 | 10 | 10 | Search | -357362 | -357362 | Global Improvement.
0 | 1 | 11 | 11 | Search | -357426 | -357426 | Global Improvement.
0 | 1 | 14 | 14 | Search | -357454 | -357454 | Global Improvement.
0 | 1 | 15 | 15 | Search | -357536 | -357536 | Global Improvement.
0 | 1 | 16 | 16 | Search | -357604 | -357604 | Global Improvement.
0 | 1 | 17 | 17 | Search | -357641 | -357641 | Global Improvement.
0 | 1 | 18 | 18 | Search | -357673 | -357673 | Global Improvement.
2 | 1 | 96 | 96 | Search | -357688 | -357688 | Global Improvement.
2 | 1 | 97 | 97 | Search | -357712 | -357712 | Global Improvement.
2 | 1 | 98 | 98 | Search | -357734 | -357734 | Global Improvement.
2 | 1 | 99 | 99 | Search | -357742 | -357742 | Global Improvement.
2 | 1 | 100 | 100 | Search | -357791 | -357791 | Global Improvement.
3 | 1 | 104 | 104 | Search | -357793 | -357793 | Global Improvement.
6 | 1 | 247 | 247 | Search | -357862 | -357862 | Global Improvement.
6 | 1 | 248 | 248 | Search | -357928 | -357928 | Global Improvement.
6 | 1 | 249 | 249 | Search | -358128 | -358128 | Global Improvement.
6 | 1 | 250 | 250 | Search | -358180 | -358180 | Global Improvement.
6 | 1 | 251 | 251 | Search | -358230 | -358230 | Global Improvement.
7 | 1 | 252 | 252 | Search | -358270 | -358270 | Global Improvement.
7 | 1 | 253 | 253 | Search | -358328 | -358328 | Global Improvement.
7 | 1 | 254 | 254 | Search | -358432 | -358432 | Global Improvement.
7 | 1 | 255 | 255 | Search | -358442 | -358442 | Global Improvement.
7 | 1 | 256 | 256 | Search | -358524 | -358524 | Global Improvement.
7 | 1 | 257 | 257 | Search | -358532 | -358532 | Global Improvement.
7 | 1 | 258 | 258 | Search | -358592 | -358592 | Global Improvement.
7 | 1 | 259 | 259 | Search | -358600 | -358600 | Global Improvement.
7 | 1 | 260 | 260 | Search | -358604 | -358604 | Global Improvement.
7 | 1 | 264 | 264 | Search | -358670 | -358670 | Global Improvement.
7 | 1 | 265 | 265 | Search | -358680 | -358680 | Global Improvement.
7 | 1 | 267 | 267 | Search | -358696 | -358696 | Global Improvement.
17 | 1 | 583 | 583 | Search | -358792 | -358792 | Global Improvement.
17 | 1 | 584 | 584 | Search | -358852 | -358852 | Global Improvement.
17 | 1 | 585 | 585 | Search | -358933 | -358933 | Global Improvement.
17 | 1 | 586 | 586 | Search | -358937 | -358937 | Global Improvement.
17 | 1 | 590 | 590 | Search | -358947 | -358947 | Global Improvement.
43 | 1 | 1419 | 1419 | Search | -359243 | -359243 | Global Improvement.
43 | 1 | 1420 | 1420 | Search | -359377 | -359377 | Global Improvement.
43 | 1 | 1421 | 1421 | Search | -359417 | -359417 | Global Improvement.
43 | 1 | 1422 | 1422 | Search | -359475 | -359475 | Global Improvement.
43 | 1 | 1423 | 1423 | Search | -359597 | -359597 | Global Improvement.
43 | 1 | 1424 | 1424 | Search | -359629 | -359629 | Global Improvement.

 Optimization finished in 3.476615756s. 
 Objective of best solution found: -359629
Time(ms) | Phase nr. | It | Phase It | Phase Type | objective | best obj. | move type
0 | 1 | 1 | 1 | Search | -356998 | -356998 | Global Improvement.
0 | 1 | 2 | 2 | Search | -357060 | -357060 | Global Improvement.
0 | 1 | 3 | 3 | Search | -357092 | -357092 | Global Improvement.
0 | 1 | 4 | 4 | Search | -357178 | -357178 | Global Improvement.
0 | 1 | 5 | 5 | Search | -357214 | -357214 | Global Improvement.
0 | 1 | 6 | 6 | Search | -357260 | -357260 | Global Improvement.
0 | 1 | 7 | 7 | Search | -357288 | -357288 | Global Improvement.
0 | 1 | 8 | 8 | Search | -357316 | -357316 | Global Improvement.
0 | 1 | 9 | 9 | Search | -357352 | -357352 | Global Improvement.
0 | 1 | 10 | 10 | Search | -357362 | -357362 | Global Improvement.
0 | 1 | 11 | 11 | Search | -357426 | -357426 | Global Improvement.
0 | 1 | 14 | 14 | Search | -357454 | -357454 | Global Improvement.
0 | 1 | 15 | 15 | Search | -357536 | -357536 | Global Improvement.
0 | 1 | 16 | 16 | Search | -357604 | -357604 | Global Improvement.
0 | 1 | 17 | 17 | Search | -357641 | -357641 | Global Improvement.
0 | 1 | 18 | 18 | Search | -357673 | -357673 | Global Improvement.
1374 | 55 | 40803 | 285 | Search | -357676 | -357676 | Global Improvement.
1374 | 55 | 40804 | 286 | Search | -357724 | -357724 | Global Improvement.
1374 | 55 | 40805 | 287 | Search | -357756 | -357756 | Global Improvement.
1374 | 55 | 40806 | 288 | Search | -357780 | -357780 | Global Improvement.
1374 | 55 | 40807 | 289 | Search | -357800 | -357800 | Global Improvement.
1374 | 55 | 40808 | 290 | Search | -357806 | -357806 | Global Improvement.
1374 | 55 | 40810 | 292 | Search | -357822 | -357822 | Global Improvement.
1374 | 55 | 40811 | 293 | Search | -357856 | -357856 | Global Improvement.
1374 | 55 | 40813 | 295 | Search | -357906 | -357906 | Global Improvement.
1374 | 55 | 40814 | 296 | Search | -357924 | -357924 | Global Improvement.
1375 | 55 | 40815 | 297 | Search | -357928 | -357928 | Global Improvement.
1375 | 55 | 40817 | 299 | Search | -357972 | -357972 | Global Improvement.
1375 | 55 | 40818 | 300 | Search | -358084 | -358084 | Global Improvement.
2901 | 111 | 83109 | 291 | Search | -358092 | -358092 | Global Improvement.
2901 | 111 | 83110 | 292 | Search | -358150 | -358150 | Global Improvement.
2901 | 111 | 83111 | 293 | Search | -358194 | -358194 | Global Improvement.
2901 | 111 | 83112 | 294 | Search | -358212 | -358212 | Global Improvement.
2901 | 111 | 83113 | 295 | Search | -358288 | -358288 | Global Improvement.
2901 | 111 | 83114 | 296 | Search | -358304 | -358304 | Global Improvement.
2901 | 111 | 83115 | 297 | Search | -358332 | -358332 | Global Improvement.
2901 | 111 | 83116 | 298 | Search | -358414 | -358414 | Global Improvement.
2901 | 111 | 83117 | 299 | Search | -358512 | -358512 | Global Improvement.
3989 | 153 | 114879 | 262 | Search | -358552 | -358552 | Global Improvement.
3989 | 153 | 114880 | 263 | Search | -358676 | -358676 | Global Improvement.
3989 | 153 | 114881 | 264 | Search | -358704 | -358704 | Global Improvement.
3989 | 153 | 114883 | 266 | Search | -358754 | -358754 | Global Improvement.
3989 | 153 | 114888 | 271 | Search | -358796 | -358796 | Global Improvement.
3989 | 153 | 114889 | 272 | Search | -358816 | -358816 | Global Improvement.

 Optimization finished in 6.735094544s. 
 Objective of best solution found: -358816
Time(ms) | Phase nr. | It | Phase It | Phase Type | objective | best obj. | move type
0 | 1 | 1 | 1 | Search | -356998 | -356998 | Global Improvement.
0 | 1 | 2 | 2 | Search | -357060 | -357060 | Global Improvement.
0 | 1 | 3 | 3 | Search | -357092 | -357092 | Global Improvement.
0 | 1 | 4 | 4 | Search | -357178 | -357178 | Global Improvement.
0 | 1 | 5 | 5 | Search | -357214 | -357214 | Global Improvement.
0 | 1 | 6 | 6 | Search | -357260 | -357260 | Global Improvement.
0 | 1 | 7 | 7 | Search | -357288 | -357288 | Global Improvement.
0 | 1 | 8 | 8 | Search | -357316 | -357316 | Global Improvement.
0 | 1 | 9 | 9 | Search | -357352 | -357352 | Global Improvement.
0 | 1 | 10 | 10 | Search | -357362 | -357362 | Global Improvement.
0 | 1 | 11 | 11 | Search | -357426 | -357426 | Global Improvement.
0 | 1 | 14 | 14 | Search | -357454 | -357454 | Global Improvement.
0 | 1 | 15 | 15 | Search | -357536 | -357536 | Global Improvement.
0 | 1 | 16 | 16 | Search | -357604 | -357604 | Global Improvement.
0 | 1 | 17 | 17 | Search | -357641 | -357641 | Global Improvement.
0 | 1 | 18 | 18 | Search | -357673 | -357673 | Global Improvement.

 Optimization finished in 2.799618374s. 
 Objective of best solution found: -357673
Time(ms) | Phase nr. | It | Phase It | Phase Type | objective | best obj. | move type
0 | 1 | 1 | 1 | Search | -356998 | -356998 | Global Improvement.
0 | 1 | 2 | 2 | Search | -357060 | -357060 | Global Improvement.
0 | 1 | 3 | 3 | Search | -357092 | -357092 | Global Improvement.
0 | 1 | 4 | 4 | Search | -357178 | -357178 | Global Improvement.
0 | 1 | 5 | 5 | Search | -357214 | -357214 | Global Improvement.
0 | 1 | 6 | 6 | Search | -357260 | -357260 | Global Improvement.
0 | 1 | 7 | 7 | Search | -357288 | -357288 | Global Improvement.
0 | 1 | 8 | 8 | Search | -357316 | -357316 | Global Improvement.
0 | 1 | 9 | 9 | Search | -357352 | -357352 | Global Improvement.
0 | 1 | 10 | 10 | Search | -357362 | -357362 | Global Improvement.
0 | 1 | 11 | 11 | Search | -357426 | -357426 | Global Improvement.
0 | 1 | 14 | 14 | Search | -357454 | -357454 | Global Improvement.
0 | 1 | 15 | 15 | Search | -357536 | -357536 | Global Improvement.
0 | 1 | 16 | 16 | Search | -357604 | -357604 | Global Improvement.
0 | 1 | 17 | 17 | Search | -357641 | -357641 | Global Improvement.
0 | 1 | 18 | 18 | Search | -357673 | -357673 | Global Improvement.

 Optimization finished in 0.077635133s. 
 Objective of best solution found: -357673
Size shrunk from 1000 to 1000
Warning: Given tenure ratio leads to small tabu tenure of 0.Minimum tabu_tenure 5 set instead
Time(ms) | Phase nr. | It | Phase It | Phase Type | objective | best obj. | move type
0 | 1 | 1 | 1 | Search | -368338 | -368338 | Global Improvement.
0 | 1 | 2 | 2 | Search | -368462 | -368462 | Global Improvement.
0 | 1 | 3 | 3 | Search | -368560 | -368560 | Global Improvement.
0 | 1 | 4 | 4 | Search | -368624 | -368624 | Global Improvement.
0 | 1 | 5 | 5 | Search | -368632 | -368632 | Global Improvement.
0 | 1 | 6 | 6 | Search | -368760 | -368760 | Global Improvement.
0 | 1 | 7 | 7 | Search | -368770 | -368770 | Global Improvement.
0 | 1 | 8 | 8 | Search | -368778 | -368778 | Global Improvement.
0 | 1 | 10 | 10 | Search | -368812 | -368812 | Global Improvement.
0 | 1 | 11 | 11 | Search | -368826 | -368826 | Global Improvement.
0 | 1 | 12 | 12 | Search | -368882 | -368882 | Global Improvement.
0 | 1 | 14 | 14 | Search | -368894 | -368894 | Global Improvement.
0 | 1 | 15 | 15 | Search | -368942 | -368942 | Global Improvement.
0 | 1 | 17 | 17 | Search | -369006 | -369006 | Global Improvement.
0 | 1 | 18 | 18 | Search | -369064 | -369064 | Global Improvement.
0 | 1 | 21 | 21 | Search | -369112 | -369112 | Global Improvement.
0 | 1 | 22 | 22 | Search | -369206 | -369206 | Global Improvement.
0 | 1 | 23 | 23 | Search | -369280 | -369280 | Global Improvement.
0 | 1 | 25 | 25 | Search | -369334 | -369334 | Global Improvement.
0 | 1 | 26 | 26 | Search | -369354 | -369354 | Global Improvement.
0 | 1 | 28 | 28 | Search | -369424 | -369424 | Global Improvement.
0 | 1 | 29 | 29 | Search | -369426 | -369426 | Global Improvement.
0 | 1 | 30 | 30 | Search | -369528 | -369528 | Global Improvement.
0 | 1 | 31 | 31 | Search | -369530 | -369530 | Global Improvement.
1 | 1 | 32 | 32 | Search | -369570 | -369570 | Global Improvement.
1 | 1 | 33 | 33 | Search | -369602 | -369602 | Global Improvement.
1 | 1 | 34 | 34 | Search | -369660 | -369660 | Global Improvement.
1 | 1 | 35 | 35 | Search | -369678 | -369678 | Global Improvement.
1 | 1 | 37 | 37 | Search | -369706 | -369706 | Global Improvement.
1 | 1 | 38 | 38 | Search | -369724 | -369724 | Global Improvement.
1 | 1 | 42 | 42 | Search | -369746 | -369746 | Global Improvement.
1 | 1 | 43 | 43 | Search | -369760 | -369760 | Global Improvement.
317 | 15 | 10593 | 50 | Search | -369884 | -369884 | Global Improvement.
317 | 15 | 10595 | 52 | Search | -369890 | -369890 | Global Improvement.
317 | 15 | 10597 | 54 | Search | -369934 | -369934 | Global Improvement.
318 | 15 | 10615 | 72 | Search | -369948 | -369948 | Global Improvement.
348 | 16 | 11698 | 83 | Diversification | -370006 | -370006 | Global Improvement.
348 | 17 | 11699 | 1 | Search | -370098 | -370098 | Global Improvement.
348 | 17 | 11712 | 14 | Search | -370151 | -370151 | Global Improvement.
348 | 17 | 11713 | 15 | Search | -370181 | -370181 | Global Improvement.
5148 | 223 | 166620 | 407 | Search | -370193 | -370193 | Global Improvement.
5148 | 223 | 166621 | 408 | Search | -370213 | -370213 | Global Improvement.
5148 | 223 | 166622 | 409 | Search | -370217 | -370217 | Global Improvement.
9097 | 391 | 292883 | 261 | Search | -370244 | -370244 | Global Improvement.
9097 | 391 | 292884 | 262 | Search | -370264 | -370264 | Global Improvement.

 Optimization finished in 15.440946032s. 
 Objective of best solution found: -370264
Time(ms) | Phase nr. | It | Phase It | Phase Type | objective | best obj. | move type
0 | 1 | 1 | 1 | Search | -368338 | -368338 | Global Improvement.
0 | 1 | 2 | 2 | Search | -368462 | -368462 | Global Improvement.
0 | 1 | 3 | 3 | Search | -368560 | -368560 | Global Improvement.
0 | 1 | 4 | 4 | Search | -368624 | -368624 | Global Improvement.
0 | 1 | 5 | 5 | Search | -368632 | -368632 | Global Improvement.
0 | 1 | 6 | 6 | Search | -368760 | -368760 | Global Improvement.
0 | 1 | 7 | 7 | Search | -368770 | -368770 | Global Improvement.
0 | 1 | 8 | 8 | Search | -368778 | -368778 | Global Improvement.
0 | 1 | 10 | 10 | Search | -368812 | -368812 | Global Improvement.
0 | 1 | 11 | 11 | Search | -368826 | -368826 | Global Improvement.
0 | 1 | 12 | 12 | Search | -368882 | -368882 | Global Improvement.
0 | 1 | 14 | 14 | Search | -368894 | -368894 | Global Improvement.
0 | 1 | 15 | 15 | Search | -368942 | -368942 | Global Improvement.
0 | 1 | 17 | 17 | Search | -369006 | -369006 | Global Improvement.
0 | 1 | 18 | 18 | Search | -369064 | -369064 | Global Improvement.
0 | 1 | 21 | 21 | Search | -369112 | -369112 | Global Improvement.
0 | 1 | 22 | 22 | Search | -369206 | -369206 | Global Improvement.
0 | 1 | 23 | 23 | Search | -369280 | -369280 | Global Improvement.
0 | 1 | 25 | 25 | Search | -369334 | -369334 | Global Improvement.
0 | 1 | 26 | 26 | Search | -369354 | -369354 | Global Improvement.
1 | 1 | 28 | 28 | Search | -369424 | -369424 | Global Improvement.
1 | 1 | 29 | 29 | Search | -369426 | -369426 | Global Improvement.
1 | 1 | 30 | 30 | Search | -369528 | -369528 | Global Improvement.
1 | 1 | 31 | 31 | Search | -369530 | -369530 | Global Improvement.
1 | 1 | 32 | 32 | Search | -369570 | -369570 | Global Improvement.
1 | 1 | 33 | 33 | Search | -369602 | -369602 | Global Improvement.
1 | 1 | 34 | 34 | Search | -369660 | -369660 | Global Improvement.
1 | 1 | 35 | 35 | Search | -369678 | -369678 | Global Improvement.
1 | 1 | 43 | 43 | Search | -369679 | -369679 | Global Improvement.
1 | 1 | 44 | 44 | Search | -369699 | -369699 | Global Improvement.
1 | 1 | 45 | 45 | Search | -369710 | -369710 | Global Improvement.
5 | 1 | 190 | 190 | Search | -369754 | -369754 | Global Improvement.
5 | 1 | 191 | 191 | Search | -369768 | -369768 | Global Improvement.
5 | 1 | 192 | 192 | Search | -369788 | -369788 | Global Improvement.
5 | 1 | 193 | 193 | Search | -369848 | -369848 | Global Improvement.
5 | 1 | 199 | 199 | Search | -369852 | -369852 | Global Improvement.
5 | 1 | 200 | 200 | Search | -369860 | -369860 | Global Improvement.
5 | 1 | 202 | 202 | Search | -369926 | -369926 | Global Improvement.
5 | 1 | 203 | 203 | Search | -370006 | -370006 | Global Improvement.
6 | 1 | 207 | 207 | Search | -370018 | -370018 | Global Improvement.
6 | 1 | 211 | 211 | Search | -370020 | -370020 | Global Improvement.
18 | 1 | 626 | 626 | Search | -370021 | -370021 | Global Improvement.
18 | 1 | 627 | 627 | Search | -370079 | -370079 | Global Improvement.
18 | 1 | 628 | 628 | Search | -370115 | -370115 | Global Improvement.
18 | 1 | 629 | 629 | Search | -370147 | -370147 | Global Improvement.
18 | 1 | 630 | 630 | Search | -370165 | -370165 | Global Improvement.
18 | 1 | 631 | 631 | Search | -370177 | -370177 | Global Improvement.
18 | 1 | 632 | 632 | Search | -370179 | -370179 | Global Improvement.
19 | 1 | 637 | 637 | Search | -370227 | -370227 | Global Improvement.
19 | 1 | 638 | 638 | Search | -370287 | -370287 | Global Improvement.
19 | 1 | 639 | 639 | Search | -370303 | -370303 | Global Improvement.
19 | 1 | 640 | 640 | Search | -370371 | -370371 | Global Improvement.
19 | 1 | 641 | 641 | Search | -370539 | -370539 | Global Improvement.
19 | 1 | 642 | 642 | Search | -370555 | -370555 | Global Improvement.
140 | 5 | 4459 | 817 | Search | -370587 | -370587 | Global Improvement.
140 | 5 | 4460 | 818 | Search | -370655 | -370655 | Global Improvement.
140 | 5 | 4461 | 819 | Search | -370701 | -370701 | Global Improvement.
140 | 5 | 4462 | 820 | Search | -370747 | -370747 | Global Improvement.
140 | 5 | 4463 | 821 | Search | -370787 | -370787 | Global Improvement.
140 | 5 | 4464 | 822 | Search | -370871 | -370871 | Global Improvement.
140 | 5 | 4465 | 823 | Search | -370911 | -370911 | Global Improvement.
140 | 5 | 4466 | 824 | Search | -371053 | -371053 | Global Improvement.
140 | 5 | 4467 | 825 | Search | -371097 | -371097 | Global Improvement.
140 | 5 | 4468 | 826 | Search | -371107 | -371107 | Global Improvement.

 Optimization finished in 3.519783318s. 
 Objective of best solution found: -371107
Time(ms) | Phase nr. | It | Phase It | Phase Type | objective | best obj. | move type
0 | 1 | 1 | 1 | Search | -368338 | -368338 | Global Improvement.
0 | 1 | 2 | 2 | Search | -368462 | -368462 | Global Improvement.
0 | 1 | 3 | 3 | Search | -368560 | -368560 | Global Improvement.
0 | 1 | 4 | 4 | Search | -368624 | -368624 | Global Improvement.
0 | 1 | 5 | 5 | Search | -368632 | -368632 | Global Improvement.
0 | 1 | 6 | 6 | Search | -368760 | -368760 | Global Improvement.
0 | 1 | 7 | 7 | Search | -368770 | -368770 | Global Improvement.
0 | 1 | 8 | 8 | Search | -368778 | -368778 | Global Improvement.
0 | 1 | 10 | 10 | Search | -368812 | -368812 | Global Improvement.
0 | 1 | 11 | 11 | Search | -368826 | -368826 | Global Improvement.
0 | 1 | 12 | 12 | Search | -368882 | -368882 | Global Improvement.
0 | 1 | 14 | 14 | Search | -368894 | -368894 | Global Improvement.
0 | 1 | 15 | 15 | Search | -368942 | -368942 | Global Improvement.
0 | 1 | 17 | 17 | Search | -369006 | -369006 | Global Improvement.
0 | 1 | 18 | 18 | Search | -369064 | -369064 | Global Improvement.
0 | 1 | 21 | 21 | Search | -369112 | -369112 | Global Improvement.
0 | 1 | 22 | 22 | Search | -369206 | -369206 | Global Improvement.
0 | 1 | 23 | 23 | Search | -369280 | -369280 | Global Improvement.
0 | 1 | 25 | 25 | Search | -369334 | -369334 | Global Improvement.
0 | 1 | 26 | 26 | Search | -369354 | -369354 | Global Improvement.
0 | 1 | 28 | 28 | Search | -369424 | -369424 | Global Improvement.
0 | 1 | 29 | 29 | Search | -369426 | -369426 | Global Improvement.
0 | 1 | 30 | 30 | Search | -369528 | -369528 | Global Improvement.
0 | 1 | 31 | 31 | Search | -369530 | -369530 | Global Improvement.
1 | 1 | 32 | 32 | Search | -369570 | -369570 | Global Improvement.
1 | 1 | 33 | 33 | Search | -369602 | -369602 | Global Improvement.
1 | 1 | 34 | 34 | Search | -369660 | -369660 | Global Improvement.
1 | 1 | 35 | 35 | Search | -369678 | -369678 | Global Improvement.
1 | 1 | 43 | 43 | Search | -369679 | -369679 | Global Improvement.
1 | 1 | 44 | 44 | Search | -369699 | -369699 | Global Improvement.
1 | 1 | 45 | 45 | Search | -369710 | -369710 | Global Improvement.
1037 | 41 | 30266 | 221 | Search | -369730 | -369730 | Global Improvement.
1037 | 41 | 30267 | 222 | Search | -369750 | -369750 | Global Improvement.
1037 | 41 | 30268 | 223 | Search | -369804 | -369804 | Global Improvement.
1038 | 41 | 30275 | 230 | Search | -369818 | -369818 | Global Improvement.
1038 | 41 | 30276 | 231 | Search | -369842 | -369842 | Global Improvement.
1038 | 41 | 30277 | 232 | Search | -369862 | -369862 | Global Improvement.
1038 | 41 | 30278 | 233 | Search | -369870 | -369870 | Global Improvement.
1038 | 41 | 30285 | 240 | Search | -369880 | -369880 | Global Improvement.
1038 | 41 | 30286 | 241 | Search | -369910 | -369910 | Global Improvement.
1038 | 41 | 30287 | 242 | Search | -369932 | -369932 | Global Improvement.
1038 | 41 | 30288 | 243 | Search | -369952 | -369952 | Global Improvement.
1038 | 41 | 30291 | 246 | Search | -370068 | -370068 | Global Improvement.
1038 | 41 | 30292 | 247 | Search | -370078 | -370078 | Global Improvement.
2308 | 89 | 66555 | 263 | Search | -370092 | -370092 | Global Improvement.
2308 | 89 | 66556 | 264 | Search | -370118 | -370118 | Global Improvement.

 Optimization finished in 5.089962491s. 
 Objective of best solution found: -370118
Time(ms) | Phase nr. | It | Phase It | Phase Type | objective | best obj. | move type
0 | 1 | 1 | 1 | Search | -368338 | -368338 | Global Improvement.
0 | 1 | 2 | 2 | Search | -368462 | -368462 | Global Improvement.
0 | 1 | 3 | 3 | Search | -368560 | -368560 | Global Improvement.
0 | 1 | 4 | 4 | Search | -368624 | -368624 | Global Improvement.
0 | 1 | 5 | 5 | Search | -368632 | -368632 | Global Improvement.
0 | 1 | 6 | 6 | Search | -368760 | -368760 | Global Improvement.
0 | 1 | 7 | 7 | Search | -368770 | -368770 | Global Improvement.
0 | 1 | 8 | 8 | Search | -368778 | -368778 | Global Improvement.
0 | 1 | 10 | 10 | Search | -368812 | -368812 | Global Improvement.
0 | 1 | 11 | 11 | Search | -368826 | -368826 | Global Improvement.
0 | 1 | 12 | 12 | Search | -368882 | -368882 | Global Improvement.
0 | 1 | 14 | 14 | Search | -368894 | -368894 | Global Improvement.
0 | 1 | 15 | 15 | Search | -368942 | -368942 | Global Improvement.
0 | 1 | 17 | 17 | Search | -369006 | -369006 | Global Improvement.
0 | 1 | 18 | 18 | Search | -369064 | -369064 | Global Improvement.
0 | 1 | 21 | 21 | Search | -369112 | -369112 | Global Improvement.
0 | 1 | 22 | 22 | Search | -369206 | -369206 | Global Improvement.
0 | 1 | 23 | 23 | Search | -369280 | -369280 | Global Improvement.
0 | 1 | 25 | 25 | Search | -369334 | -369334 | Global Improvement.
0 | 1 | 26 | 26 | Search | -369354 | -369354 | Global Improvement.
0 | 1 | 28 | 28 | Search | -369424 | -369424 | Global Improvement.
0 | 1 | 29 | 29 | Search | -369426 | -369426 | Global Improvement.
0 | 1 | 30 | 30 | Search | -369528 | -369528 | Global Improvement.
0 | 1 | 31 | 31 | Search | -369530 | -369530 | Global Improvement.
1 | 1 | 32 | 32 | Search | -369570 | -369570 | Global Improvement.
1 | 1 | 33 | 33 | Search | -369602 | -369602 | Global Improvement.
1 | 1 | 34 | 34 | Search | -369660 | -369660 | Global Improvement.
1 | 1 | 35 | 35 | Search | -369678 | -369678 | Global Improvement.
1 | 1 | 43 | 43 | Search | -369679 | -369679 | Global Improvement.
1 | 1 | 44 | 44 | Search | -369699 | -369699 | Global Improvement.
1 | 1 | 45 | 45 | Search | -369710 | -369710 | Global Improvement.

 Optimization finished in 2.663137261s. 
 Objective of best solution found: -369710
Time(ms) | Phase nr. | It | Phase It | Phase Type | objective | best obj. | move type
0 | 1 | 1 | 1 | Search | -368338 | -368338 | Global Improvement.
0 | 1 | 2 | 2 | Search | -368462 | -368462 | Global Improvement.
0 | 1 | 3 | 3 | Search | -368560 | -368560 | Global Improvement.
0 | 1 | 4 | 4 | Search | -368624 | -368624 | Global Improvement.
0 | 1 | 5 | 5 | Search | -368632 | -368632 | Global Improvement.
0 | 1 | 6 | 6 | Search | -368760 | -368760 | Global Improvement.
0 | 1 | 7 | 7 | Search | -368770 | -368770 | Global Improvement.
0 | 1 | 8 | 8 | Search | -368778 | -368778 | Global Improvement.
0 | 1 | 10 | 10 | Search | -368812 | -368812 | Global Improvement.
0 | 1 | 11 | 11 | Search | -368826 | -368826 | Global Improvement.
0 | 1 | 12 | 12 | Search | -368882 | -368882 | Global Improvement.
0 | 1 | 14 | 14 | Search | -368894 | -368894 | Global Improvement.
0 | 1 | 15 | 15 | Search | -368942 | -368942 | Global Improvement.
0 | 1 | 17 | 17 | Search | -369006 | -369006 | Global Improvement.
0 | 1 | 18 | 18 | Search | -369064 | -369064 | Global Improvement.
0 | 1 | 21 | 21 | Search | -369112 | -369112 | Global Improvement.
0 | 1 | 22 | 22 | Search | -369206 | -369206 | Global Improvement.
0 | 1 | 23 | 23 | Search | -369280 | -369280 | Global Improvement.
0 | 1 | 25 | 25 | Search | -369334 | -369334 | Global Improvement.
0 | 1 | 26 | 26 | Search | -369354 | -369354 | Global Improvement.
0 | 1 | 28 | 28 | Search | -369424 | -369424 | Global Improvement.
0 | 1 | 29 | 29 | Search | -369426 | -369426 | Global Improvement.
0 | 1 | 30 | 30 | Search | -369528 | -369528 | Global Improvement.
0 | 1 | 31 | 31 | Search | -369530 | -369530 | Global Improvement.
0 | 1 | 32 | 32 | Search | -369570 | -369570 | Global Improvement.
1 | 1 | 33 | 33 | Search | -369602 | -369602 | Global Improvement.
1 | 1 | 34 | 34 | Search | -369660 | -369660 | Global Improvement.
1 | 1 | 35 | 35 | Search | -369678 | -369678 | Global Improvement.
1 | 1 | 43 | 43 | Search | -369679 | -369679 | Global Improvement.
1 | 1 | 44 | 44 | Search | -369699 | -369699 | Global Improvement.
1 | 1 | 45 | 45 | Search | -369710 | -369710 | Global Improvement.

 Optimization finished in 0.078413072s. 
 Objective of best solution found: -369710
Size shrunk from 1000 to 1000
Warning: Given tenure ratio leads to small tabu tenure of 0.Minimum tabu_tenure 5 set instead
Time(ms) | Phase nr. | It | Phase It | Phase Type | objective | best obj. | move type
0 | 1 | 1 | 1 | Search | -349808 | -349808 | Global Improvement.
0 | 1 | 2 | 2 | Search | -350052 | -350052 | Global Improvement.
0 | 1 | 3 | 3 | Search | -350258 | -350258 | Global Improvement.
0 | 1 | 4 | 4 | Search | -350328 | -350328 | Global Improvement.
0 | 1 | 5 | 5 | Search | -350358 | -350358 | Global Improvement.
0 | 1 | 6 | 6 | Search | -350374 | -350374 | Global Improvement.
0 | 1 | 7 | 7 | Search | -350378 | -350378 | Global Improvement.
0 | 1 | 10 | 10 | Search | -350548 | -350548 | Global Improvement.
0 | 1 | 11 | 11 | Search | -350606 | -350606 | Global Improvement.
0 | 1 | 12 | 12 | Search | -350654 | -350654 | Global Improvement.
0 | 1 | 13 | 13 | Search | -350656 | -350656 | Global Improvement.
0 | 1 | 14 | 14 | Search | -350774 | -350774 | Global Improvement.
0 | 1 | 15 | 15 | Search | -350790 | -350790 | Global Improvement.
0 | 1 | 16 | 16 | Search | -350866 | -350866 | Global Improvement.
0 | 1 | 20 | 20 | Search | -350894 | -350894 | Global Improvement.
0 | 1 | 21 | 21 | Search | -350900 | -350900 | Global Improvement.
0 | 1 | 22 | 22 | Search | -350904 | -350904 | Global Improvement.
276 | 13 | 9087 | 65 | Search | -350951 | -350951 | Global Improvement.
276 | 13 | 9090 | 68 | Search | -351009 | -351009 | Global Improvement.
276 | 13 | 9094 | 72 | Search | -351011 | -351011 | Global Improvement.
320 | 15 | 10603 | 9 | Search | -351057 | -351057 | Global Improvement.
320 | 15 | 10604 | 10 | Search | -351095 | -351095 | Global Improvement.
320 | 15 | 10605 | 11 | Search | -351097 | -351097 | Global Improvement.
320 | 15 | 10607 | 13 | Search | -351145 | -351145 | Global Improvement.
320 | 15 | 10617 | 23 | Search | -351224 | -351224 | Global Improvement.
320 | 15 | 10618 | 24 | Search | -351242 | -351242 | Global Improvement.
320 | 15 | 10619 | 25 | Search | -351244 | -351244 | Global Improvement.
363 | 17 | 12129 | 10 | Search | -351267 | -351267 | Global Improvement.
1238 | 55 | 40834 | 205 | Search | -351284 | -351284 | Global Improvement.
2307 | 101 | 75441 | 107 | Search | -351370 | -351370 | Global Improvement.
2307 | 101 | 75442 | 108 | Search | -351422 | -351422 | Global Improvement.
2307 | 101 | 75443 | 109 | Search | -351448 | -351448 | Global Improvement.
2307 | 101 | 75444 | 110 | Search | -351500 | -351500 | Global Improvement.
2307 | 101 | 75445 | 111 | Search | -351518 | -351518 | Global Improvement.
2307 | 101 | 75446 | 112 | Search | -351520 | -351520 | Global Improvement.
2446 | 107 | 79972 | 26 | Search | -351527 | -351527 | Global Improvement.
2676 | 117 | 87492 | 20 | Search | -351562 | -351562 | Global Improvement.
2676 | 117 | 87497 | 25 | Search | -351572 | -351572 | Global Improvement.
2676 | 117 | 87498 | 26 | Search | -351604 | -351604 | Global Improvement.
2702 | 118 | 88500 | 2 | Diversification | -351640 | -351640 | Global Improvement.
2702 | 119 | 88504 | 4 | Search | -351668 | -351668 | Global Improvement.
2702 | 119 | 88505 | 5 | Search | -351740 | -351740 | Global Improvement.
2702 | 119 | 88509 | 9 | Search | -351764 | -351764 | Global Improvement.

 Optimization finished in 10.857803255s. 
 Objective of best solution found: -351764
Time(ms) | Phase nr. | It | Phase It | Phase Type | objective | best obj. | move type
0 | 1 | 1 | 1 | Search | -349808 | -349808 | Global Improvement.
0 | 1 | 2 | 2 | Search | -350052 | -350052 | Global Improvement.
0 | 1 | 3 | 3 | Search | -350258 | -350258 | Global Improvement.
0 | 1 | 4 | 4 | Search | -350328 | -350328 | Global Improvement.
0 | 1 | 5 | 5 | Search | -350358 | -350358 | Global Improvement.
0 | 1 | 6 | 6 | Search | -350374 | -350374 | Global Improvement.
0 | 1 | 7 | 7 | Search | -350378 | -350378 | Global Improvement.
0 | 1 | 10 | 10 | Search | -350548 | -350548 | Global Improvement.
0 | 1 | 11 | 11 | Search | -350606 | -350606 | Global Improvement.
0 | 1 | 12 | 12 | Search | -350654 | -350654 | Global Improvement.
0 | 1 | 13 | 13 | Search | -350656 | -350656 | Global Improvement.
0 | 1 | 14 | 14 | Search | -350774 | -350774 | Global Improvement.
0 | 1 | 15 | 15 | Search | -350790 | -350790 | Global Improvement.
0 | 1 | 16 | 16 | Search | -350866 | -350866 | Global Improvement.
0 | 1 | 18 | 18 | Search | -350904 | -350904 | Global Improvement.
72 | 3 | 2355 | 837 | Search | -350990 | -350990 | Global Improvement.
72 | 3 | 2356 | 838 | Search | -351144 | -351144 | Global Improvement.
72 | 3 | 2357 | 839 | Search | -351262 | -351262 | Global Improvement.
72 | 3 | 2358 | 840 | Search | -351384 | -351384 | Global Improvement.
72 | 3 | 2359 | 841 | Search | -351476 | -351476 | Global Improvement.
72 | 3 | 2360 | 842 | Search | -351522 | -351522 | Global Improvement.
72 | 3 | 2361 | 843 | Search | -351712 | -351712 | Global Improvement.
72 | 3 | 2362 | 844 | Search | -351742 | -351742 | Global Improvement.
2262 | 91 | 69288 | 926 | Search | -351764 | -351764 | Global Improvement.
2262 | 91 | 69289 | 927 | Search | -351828 | -351828 | Global Improvement.
2262 | 91 | 69290 | 928 | Search | -351888 | -351888 | Global Improvement.
2262 | 91 | 69291 | 929 | Search | -351902 | -351902 | Global Improvement.
2262 | 91 | 69292 | 930 | Search | -351904 | -351904 | Global Improvement.

 Optimization finished in 4.3672380650000004s. 
 Objective of best solution found: -351904
Time(ms) | Phase nr. | It | Phase It | Phase Type | objective | best obj. | move type
0 | 1 | 1 | 1 | Search | -349808 | -349808 | Global Improvement.
0 | 1 | 2 | 2 | Search | -350052 | -350052 | Global Improvement.
0 | 1 | 3 | 3 | Search | -350258 | -350258 | Global Improvement.
0 | 1 | 4 | 4 | Search | -350328 | -350328 | Global Improvement.
0 | 1 | 5 | 5 | Search | -350358 | -350358 | Global Improvement.
0 | 1 | 6 | 6 | Search | -350374 | -350374 | Global Improvement.
0 | 1 | 7 | 7 | Search | -350378 | -350378 | Global Improvement.
0 | 1 | 10 | 10 | Search | -350548 | -350548 | Global Improvement.
0 | 1 | 11 | 11 | Search | -350606 | -350606 | Global Improvement.
0 | 1 | 12 | 12 | Search | -350654 | -350654 | Global Improvement.
0 | 1 | 13 | 13 | Search | -350656 | -350656 | Global Improvement.
0 | 1 | 14 | 14 | Search | -350774 | -350774 | Global Improvement.
0 | 1 | 15 | 15 | Search | -350790 | -350790 | Global Improvement.
0 | 1 | 16 | 16 | Search | -350866 | -350866 | Global Improvement.
0 | 1 | 18 | 18 | Search | -350904 | -350904 | Global Improvement.
1994 | 77 | 57287 | 269 | Search | -350916 | -350916 | Global Improvement.
1994 | 77 | 57288 | 270 | Search | -350950 | -350950 | Global Improvement.
1994 | 77 | 57289 | 271 | Search | -350976 | -350976 | Global Improvement.
1994 | 77 | 57290 | 272 | Search | -350990 | -350990 | Global Improvement.
1994 | 77 | 57291 | 273 | Search | -351040 | -351040 | Global Improvement.
1994 | 77 | 57292 | 274 | Search | -351118 | -351118 | Global Improvement.
1994 | 77 | 57293 | 275 | Search | -351246 | -351246 | Global Improvement.
1994 | 77 | 57294 | 276 | Search | -351258 | -351258 | Global Improvement.
1994 | 77 | 57295 | 277 | Search | -351270 | -351270 | Global Improvement.
1994 | 77 | 57296 | 278 | Search | -351304 | -351304 | Global Improvement.
1994 | 77 | 57297 | 279 | Search | -351310 | -351310 | Global Improvement.

 Optimization finished in 4.795094323s. 
 Objective of best solution found: -351310
Time(ms) | Phase nr. | It | Phase It | Phase Type | objective | best obj. | move type
0 | 1 | 1 | 1 | Search | -349808 | -349808 | Global Improvement.
0 | 1 | 2 | 2 | Search | -350052 | -350052 | Global Improvement.
0 | 1 | 3 | 3 | Search | -350258 | -350258 | Global Improvement.
0 | 1 | 4 | 4 | Search | -350328 | -350328 | Global Improvement.
0 | 1 | 5 | 5 | Search | -350358 | -350358 | Global Improvement.
0 | 1 | 6 | 6 | Search | -350374 | -350374 | Global Improvement.
0 | 1 | 7 | 7 | Search | -350378 | -350378 | Global Improvement.
0 | 1 | 10 | 10 | Search | -350548 | -350548 | Global Improvement.
0 | 1 | 11 | 11 | Search | -350606 | -350606 | Global Improvement.
0 | 1 | 12 | 12 | Search | -350654 | -350654 | Global Improvement.
0 | 1 | 13 | 13 | Search | -350656 | -350656 | Global Improvement.
0 | 1 | 14 | 14 | Search | -350774 | -350774 | Global Improvement.
0 | 1 | 15 | 15 | Search | -350790 | -350790 | Global Improvement.
0 | 1 | 16 | 16 | Search | -350866 | -350866 | Global Improvement.
0 | 1 | 18 | 18 | Search | -350904 | -350904 | Global Improvement.

 Optimization finished in 2.813987126s. 
 Objective of best solution found: -350904
Time(ms) | Phase nr. | It | Phase It | Phase Type | objective | best obj. | move type
0 | 1 | 1 | 1 | Search | -349808 | -349808 | Global Improvement.
0 | 1 | 2 | 2 | Search | -350052 | -350052 | Global Improvement.
0 | 1 | 3 | 3 | Search | -350258 | -350258 | Global Improvement.
0 | 1 | 4 | 4 | Search | -350328 | -350328 | Global Improvement.
0 | 1 | 5 | 5 | Search | -350358 | -350358 | Global Improvement.
0 | 1 | 6 | 6 | Search | -350374 | -350374 | Global Improvement.
0 | 1 | 7 | 7 | Search | -350378 | -350378 | Global Improvement.
0 | 1 | 10 | 10 | Search | -350548 | -350548 | Global Improvement.
0 | 1 | 11 | 11 | Search | -350606 | -350606 | Global Improvement.
0 | 1 | 12 | 12 | Search | -350654 | -350654 | Global Improvement.
0 | 1 | 13 | 13 | Search | -350656 | -350656 | Global Improvement.
0 | 1 | 14 | 14 | Search | -350774 | -350774 | Global Improvement.
0 | 1 | 15 | 15 | Search | -350790 | -350790 | Global Improvement.
0 | 1 | 16 | 16 | Search | -350866 | -350866 | Global Improvement.
0 | 1 | 18 | 18 | Search | -350904 | -350904 | Global Improvement.

 Optimization finished in 0.076554096s. 
 Objective of best solution found: -350904
Size shrunk from 1000 to 1000
Warning: Given tenure ratio leads to small tabu tenure of 0.Minimum tabu_tenure 5 set instead
Time(ms) | Phase nr. | It | Phase It | Phase Type | objective | best obj. | move type
0 | 1 | 1 | 1 | Search | -345664 | -345664 | Global Improvement.
0 | 1 | 2 | 2 | Search | -345900 | -345900 | Global Improvement.
0 | 1 | 3 | 3 | Search | -346140 | -346140 | Global Improvement.
0 | 1 | 4 | 4 | Search | -346308 | -346308 | Global Improvement.
0 | 1 | 5 | 5 | Search | -346418 | -346418 | Global Improvement.
0 | 1 | 6 | 6 | Search | -346510 | -346510 | Global Improvement.
0 | 1 | 7 | 7 | Search | -346590 | -346590 | Global Improvement.
0 | 1 | 8 | 8 | Search | -346685 | -346685 | Global Improvement.
0 | 1 | 9 | 9 | Search | -346749 | -346749 | Global Improvement.
0 | 1 | 10 | 10 | Search | -346863 | -346863 | Global Improvement.
0 | 1 | 11 | 11 | Search | -346919 | -346919 | Global Improvement.
0 | 1 | 12 | 12 | Search | -346999 | -346999 | Global Improvement.
0 | 1 | 13 | 13 | Search | -347045 | -347045 | Global Improvement.
0 | 1 | 14 | 14 | Search | -347071 | -347071 | Global Improvement.
0 | 1 | 15 | 15 | Search | -347105 | -347105 | Global Improvement.
0 | 1 | 16 | 16 | Search | -347129 | -347129 | Global Improvement.
0 | 1 | 17 | 17 | Search | -347143 | -347143 | Global Improvement.
0 | 1 | 18 | 18 | Search | -347149 | -347149 | Global Improvement.
0 | 1 | 19 | 19 | Search | -347163 | -347163 | Global Improvement.
0 | 1 | 21 | 21 | Search | -347185 | -347185 | Global Improvement.
0 | 1 | 23 | 23 | Search | -347261 | -347261 | Global Improvement.
1 | 1 | 29 | 29 | Search | -347291 | -347291 | Global Improvement.
1 | 1 | 30 | 30 | Search | -347363 | -347363 | Global Improvement.
1 | 1 | 31 | 31 | Search | -347369 | -347369 | Global Improvement.
1 | 1 | 32 | 32 | Search | -347375 | -347375 | Global Improvement.
1 | 1 | 33 | 33 | Search | -347389 | -347389 | Global Improvement.
1 | 1 | 34 | 34 | Search | -347393 | -347393 | Global Improvement.
28 | 2 | 1036 | 2 | Diversification | -347448 | -347448 | Global Improvement.
28 | 3 | 1037 | 1 | Search | -347458 | -347458 | Global Improvement.
28 | 3 | 1038 | 2 | Search | -347464 | -347464 | Global Improvement.
28 | 3 | 1039 | 3 | Search | -347466 | -347466 | Global Improvement.
28 | 3 | 1040 | 4 | Search | -347504 | -347504 | Global Improvement.
28 | 3 | 1041 | 5 | Search | -347520 | -347520 | Global Improvement.
73 | 5 | 2567 | 26 | Search | -347522 | -347522 | Global Improvement.
160 | 9 | 5608 | 41 | Search | -347584 | -347584 | Global Improvement.
160 | 9 | 5609 | 42 | Search | -347656 | -347656 | Global Improvement.
160 | 9 | 5610 | 43 | Search | -347702 | -347702 | Global Improvement.
160 | 9 | 5611 | 44 | Search | -347736 | -347736 | Global Improvement.
160 | 9 | 5612 | 45 | Search | -347792 | -347792 | Global Improvement.
160 | 9 | 5613 | 46 | Search | -347814 | -347814 | Global Improvement.
160 | 9 | 5614 | 47 | Search | -347834 | -347834 | Global Improvement.
160 | 9 | 5615 | 48 | Search | -347959 | -347959 | Global Improvement.
160 | 9 | 5616 | 49 | Search | -348031 | -348031 | Global Improvement.
160 | 9 | 5617 | 50 | Search | -348127 | -348127 | Global Improvement.
161 | 9 | 5618 | 51 | Search | -348133 | -348133 | Global Improvement.
161 | 9 | 5619 | 52 | Search | -348225 | -348225 | Global Improvement.
161 | 9 | 5620 | 53 | Search | -348231 | -348231 | Global Improvement.
161 | 9 | 5621 | 54 | Search | -348291 | -348291 | Global Improvement.
161 | 9 | 5622 | 55 | Search | -348331 | -348331 | Global Improvement.
161 | 9 | 5623 | 56 | Search | -348475 | -348475 | Global Improvement.
161 | 9 | 5624 | 57 | Search | -348479 | -348479 | Global Improvement.
161 | 9 | 5625 | 58 | Search | -348493 | -348493 | Global Improvement.
161 | 9 | 5626 | 59 | Search | -348495 | -348495 | Global Improvement.
161 | 9 | 5627 | 60 | Search | -348569 | -348569 | Global Improvement.
161 | 9 | 5628 | 61 | Search | -348621 | -348621 | Global Improvement.
161 | 9 | 5630 | 63 | Search | -348673 | -348673 | Global Improvement.
429 | 21 | 14647 | 17 | Search | -348688 | -348688 | Global Improvement.
429 | 21 | 14648 | 18 | Search | -348705 | -348705 | Global Improvement.
429 | 21 | 14649 | 19 | Search | -348719 | -348719 | Global Improvement.
429 | 21 | 14654 | 24 | Search | -348721 | -348721 | Global Improvement.
429 | 21 | 14655 | 25 | Search | -348729 | -348729 | Global Improvement.
429 | 21 | 14656 | 26 | Search | -348733 | -348733 | Global Improvement.
1411 | 63 | 46382 | 226 | Search | -348783 | -348783 | Global Improvement.
1411 | 63 | 46383 | 227 | Search | -348787 | -348787 | Global Improvement.
1411 | 63 | 46388 | 232 | Search | -348789 | -348789 | Global Improvement.
1411 | 63 | 46389 | 233 | Search | -348801 | -348801 | Global Improvement.
1411 | 63 | 46390 | 234 | Search | -348803 | -348803 | Global Improvement.
1411 | 63 | 46395 | 239 | Search | -348863 | -348863 | Global Improvement.
1411 | 63 | 46396 | 240 | Search | -348891 | -348891 | Global Improvement.
1411 | 63 | 46397 | 241 | Search | -348911 | -348911 | Global Improvement.
1454 | 65 | 47912 | 15 | Search | -348919 | -348919 | Global Improvement.
1454 | 65 | 47913 | 16 | Search | -348935 | -348935 | Global Improvement.
1454 | 65 | 47914 | 17 | Search | -348937 | -348937 | Global Improvement.
1497 | 67 | 49443 | 29 | Search | -348955 | -348955 | Global Improvement.
1497 | 67 | 49444 | 30 | Search | -348972 | -348972 | Global Improvement.

 Optimization finished in 9.581687390999999s. 
 Objective of best solution found: -348972
Time(ms) | Phase nr. | It | Phase It | Phase Type | objective | best obj. | move type
0 | 1 | 1 | 1 | Search | -345664 | -345664 | Global Improvement.
0 | 1 | 2 | 2 | Search | -345900 | -345900 | Global Improvement.
0 | 1 | 3 | 3 | Search | -346140 | -346140 | Global Improvement.
0 | 1 | 4 | 4 | Search | -346308 | -346308 | Global Improvement.
0 | 1 | 5 | 5 | Search | -346418 | -346418 | Global Improvement.
0 | 1 | 6 | 6 | Search | -346510 | -346510 | Global Improvement.
0 | 1 | 7 | 7 | Search | -346590 | -346590 | Global Improvement.
0 | 1 | 8 | 8 | Search | -346685 | -346685 | Global Improvement.
0 | 1 | 9 | 9 | Search | -346749 | -346749 | Global Improvement.
0 | 1 | 10 | 10 | Search | -346863 | -346863 | Global Improvement.
0 | 1 | 11 | 11 | Search | -346919 | -346919 | Global Improvement.
0 | 1 | 12 | 12 | Search | -346999 | -346999 | Global Improvement.
0 | 1 | 13 | 13 | Search | -347045 | -347045 | Global Improvement.
0 | 1 | 14 | 14 | Search | -347071 | -347071 | Global Improvement.
0 | 1 | 15 | 15 | Search | -347105 | -347105 | Global Improvement.
0 | 1 | 16 | 16 | Search | -347129 | -347129 | Global Improvement.
0 | 1 | 17 | 17 | Search | -347143 | -347143 | Global Improvement.
0 | 1 | 18 | 18 | Search | -347149 | -347149 | Global Improvement.
0 | 1 | 19 | 19 | Search | -347163 | -347163 | Global Improvement.
0 | 1 | 21 | 21 | Search | -347185 | -347185 | Global Improvement.
0 | 1 | 23 | 23 | Search | -347261 | -347261 | Global Improvement.
0 | 1 | 28 | 28 | Search | -347295 | -347295 | Global Improvement.
0 | 1 | 29 | 29 | Search | -347367 | -347367 | Global Improvement.
0 | 1 | 30 | 30 | Search | -347383 | -347383 | Global Improvement.
0 | 1 | 31 | 31 | Search | -347389 | -347389 | Global Improvement.
1 | 1 | 32 | 32 | Search | -347393 | -347393 | Global Improvement.
1 | 1 | 35 | 35 | Search | -347418 | -347418 | Global Improvement.
1 | 1 | 36 | 36 | Search | -347448 | -347448 | Global Improvement.
1 | 1 | 37 | 37 | Search | -347458 | -347458 | Global Improvement.
1 | 1 | 38 | 38 | Search | -347464 | -347464 | Global Improvement.
1 | 1 | 39 | 39 | Search | -347466 | -347466 | Global Improvement.
1 | 1 | 40 | 40 | Search | -347504 | -347504 | Global Improvement.
1 | 1 | 41 | 41 | Search | -347520 | -347520 | Global Improvement.
1 | 1 | 47 | 47 | Search | -347526 | -347526 | Global Improvement.
1 | 1 | 49 | 49 | Search | -347584 | -347584 | Global Improvement.
1 | 1 | 50 | 50 | Search | -347630 | -347630 | Global Improvement.
1 | 1 | 51 | 51 | Search | -347652 | -347652 | Global Improvement.
1 | 1 | 53 | 53 | Search | -347679 | -347679 | Global Improvement.
1 | 1 | 56 | 56 | Search | -347747 | -347747 | Global Improvement.
1 | 1 | 57 | 57 | Search | -347755 | -347755 | Global Improvement.
2 | 1 | 94 | 94 | Search | -347763 | -347763 | Global Improvement.
2 | 1 | 95 | 95 | Search | -347879 | -347879 | Global Improvement.
2 | 1 | 96 | 96 | Search | -347965 | -347965 | Global Improvement.
2 | 1 | 97 | 97 | Search | -348039 | -348039 | Global Improvement.
2 | 1 | 98 | 98 | Search | -348111 | -348111 | Global Improvement.
2 | 1 | 99 | 99 | Search | -348149 | -348149 | Global Improvement.
2 | 1 | 100 | 100 | Search | -348171 | -348171 | Global Improvement.
2 | 1 | 101 | 101 | Search | -348193 | -348193 | Global Improvement.
2 | 1 | 102 | 102 | Search | -348199 | -348199 | Global Improvement.
3 | 1 | 103 | 103 | Search | -348207 | -348207 | Global Improvement.
3 | 1 | 104 | 104 | Search | -348233 | -348233 | Global Improvement.
3 | 1 | 105 | 105 | Search | -348255 | -348255 | Global Improvement.
3 | 1 | 106 | 106 | Search | -348361 | -348361 | Global Improvement.
3 | 1 | 107 | 107 | Search | -348421 | -348421 | Global Improvement.
3 | 1 | 108 | 108 | Search | -348423 | -348423 | Global Improvement.
3 | 1 | 109 | 109 | Search | -348445 | -348445 | Global Improvement.
23 | 1 | 793 | 793 | Search | -348565 | -348565 | Global Improvement.
23 | 1 | 794 | 794 | Search | -348603 | -348603 | Global Improvement.
23 | 1 | 795 | 795 | Search | -348613 | -348613 | Global Improvement.
23 | 1 | 796 | 796 | Search | -348617 | -348617 | Global Improvement.
23 | 1 | 799 | 799 | Search | -348679 | -348679 | Global Improvement.
23 | 1 | 800 | 800 | Search | -348805 | -348805 | Global Improvement.
23 | 1 | 801 | 801 | Search | -348821 | -348821 | Global Improvement.
23 | 1 | 804 | 804 | Search | -348894 | -348894 | Global Improvement.
23 | 1 | 805 | 805 | Search | -348924 | -348924 | Global Improvement.
23 | 1 | 806 | 806 | Search | -348932 | -348932 | Global Improvement.
903 | 35 | 26951 | 645 | Search | -348986 | -348986 | Global Improvement.
903 | 35 | 26952 | 646 | Search | -349140 | -349140 | Global Improvement.
903 | 35 | 26953 | 647 | Search | -349225 | -349225 | Global Improvement.
903 | 35 | 26954 | 648 | Search | -349287 | -349287 | Global Improvement.
903 | 35 | 26955 | 649 | Search | -349325 | -349325 | Global Improvement.
2387 | 95 | 72239 | 284 | Search | -349331 | -349331 | Global Improvement.

 Optimization finished in 5.337430957s. 
 Objective of best solution found: -349331
Time(ms) | Phase nr. | It | Phase It | Phase Type | objective | best obj. | move type
0 | 1 | 1 | 1 | Search | -345664 | -345664 | Global Improvement.
0 | 1 | 2 | 2 | Search | -345900 | -345900 | Global Improvement.
0 | 1 | 3 | 3 | Search | -346140 | -346140 | Global Improvement.
0 | 1 | 4 | 4 | Search | -346308 | -346308 | Global Improvement.
0 | 1 | 5 | 5 | Search | -346418 | -346418 | Global Improvement.
0 | 1 | 6 | 6 | Search | -346510 | -346510 | Global Improvement.
0 | 1 | 7 | 7 | Search | -346590 | -346590 | Global Improvement.
0 | 1 | 8 | 8 | Search | -346685 | -346685 | Global Improvement.
0 | 1 | 9 | 9 | Search | -346749 | -346749 | Global Improvement.
0 | 1 | 10 | 10 | Search | -346863 | -346863 | Global Improvement.
0 | 1 | 11 | 11 | Search | -346919 | -346919 | Global Improvement.
0 | 1 | 12 | 12 | Search | -346999 | -346999 | Global Improvement.
0 | 1 | 13 | 13 | Search | -347045 | -347045 | Global Improvement.
0 | 1 | 14 | 14 | Search | -347071 | -347071 | Global Improvement.
0 | 1 | 15 | 15 | Search | -347105 | -347105 | Global Improvement.
0 | 1 | 16 | 16 | Search | -347129 | -347129 | Global Improvement.
0 | 1 | 17 | 17 | Search | -347143 | -347143 | Global Improvement.
0 | 1 | 18 | 18 | Search | -347149 | -347149 | Global Improvement.
0 | 1 | 19 | 19 | Search | -347163 | -347163 | Global Improvement.
0 | 1 | 21 | 21 | Search | -347185 | -347185 | Global Improvement.
0 | 1 | 23 | 23 | Search | -347261 | -347261 | Global Improvement.
0 | 1 | 28 | 28 | Search | -347295 | -347295 | Global Improvement.
0 | 1 | 29 | 29 | Search | -347367 | -347367 | Global Improvement.
0 | 1 | 30 | 30 | Search | -347383 | -347383 | Global Improvement.
0 | 1 | 31 | 31 | Search | -347389 | -347389 | Global Improvement.
0 | 1 | 32 | 32 | Search | -347393 | -347393 | Global Improvement.
1 | 1 | 35 | 35 | Search | -347418 | -347418 | Global Improvement.
1 | 1 | 36 | 36 | Search | -347448 | -347448 | Global Improvement.
1 | 1 | 37 | 37 | Search | -347458 | -347458 | Global Improvement.
1 | 1 | 38 | 38 | Search | -347464 | -347464 | Global Improvement.
1 | 1 | 39 | 39 | Search | -347466 | -347466 | Global Improvement.
1 | 1 | 40 | 40 | Search | -347504 | -347504 | Global Improvement.
1 | 1 | 41 | 41 | Search | -347520 | -347520 | Global Improvement.
1 | 1 | 47 | 47 | Search | -347526 | -347526 | Global Improvement.
1 | 1 | 49 | 49 | Search | -347584 | -347584 | Global Improvement.
1 | 1 | 50 | 50 | Search | -347630 | -347630 | Global Improvement.
1 | 1 | 51 | 51 | Search | -347652 | -347652 | Global Improvement.
1 | 1 | 53 | 53 | Search | -347679 | -347679 | Global Improvement.
1 | 1 | 56 | 56 | Search | -347747 | -347747 | Global Improvement.
1 | 1 | 57 | 57 | Search | -347755 | -347755 | Global Improvement.
1023 | 41 | 30283 | 226 | Search | -347760 | -347760 | Global Improvement.
1023 | 41 | 30284 | 227 | Search | -347834 | -347834 | Global Improvement.
1023 | 41 | 30285 | 228 | Search | -347864 | -347864 | Global Improvement.
1023 | 41 | 30286 | 229 | Search | -347878 | -347878 | Global Improvement.
1023 | 41 | 30287 | 230 | Search | -347884 | -347884 | Global Improvement.
1023 | 41 | 30288 | 231 | Search | -347922 | -347922 | Global Improvement.
1023 | 41 | 30292 | 235 | Search | -348000 | -348000 | Global Improvement.
1024 | 41 | 30293 | 236 | Search | -348014 | -348014 | Global Improvement.
1024 | 41 | 30294 | 237 | Search | -348024 | -348024 | Global Improvement.
1024 | 41 | 30297 | 240 | Search | -348040 | -348040 | Global Improvement.
1024 | 41 | 30298 | 241 | Search | -348054 | -348054 | Global Improvement.
2259 | 89 | 66540 | 242 | Search | -348076 | -348076 | Global Improvement.
2259 | 89 | 66541 | 243 | Search | -348206 | -348206 | Global Improvement.
2259 | 89 | 66542 | 244 | Search | -348302 | -348302 | Global Improvement.
2259 | 89 | 66543 | 245 | Search | -348394 | -348394 | Global Improvement.
2259 | 89 | 66544 | 246 | Search | -348434 | -348434 | Global Improvement.

 Optimization finished in 5.245654938s. 
 Objective of best solution found: -348434
Time(ms) | Phase nr. | It | Phase It | Phase Type | objective | best obj. | move type
0 | 1 | 1 | 1 | Search | -345664 | -345664 | Global Improvement.
0 | 1 | 2 | 2 | Search | -345900 | -345900 | Global Improvement.
0 | 1 | 3 | 3 | Search | -346140 | -346140 | Global Improvement.
0 | 1 | 4 | 4 | Search | -346308 | -346308 | Global Improvement.
0 | 1 | 5 | 5 | Search | -346418 | -346418 | Global Improvement.
0 | 1 | 6 | 6 | Search | -346510 | -346510 | Global Improvement.
0 | 1 | 7 | 7 | Search | -346590 | -346590 | Global Improvement.
0 | 1 | 8 | 8 | Search | -346685 | -346685 | Global Improvement.
0 | 1 | 9 | 9 | Search | -346749 | -346749 | Global Improvement.
0 | 1 | 10 | 10 | Search | -346863 | -346863 | Global Improvement.
0 | 1 | 11 | 11 | Search | -346919 | -346919 | Global Improvement.
0 | 1 | 12 | 12 | Search | -346999 | -346999 | Global Improvement.
0 | 1 | 13 | 13 | Search | -347045 | -347045 | Global Improvement.
0 | 1 | 14 | 14 | Search | -347071 | -347071 | Global Improvement.
0 | 1 | 15 | 15 | Search | -347105 | -347105 | Global Improvement.
0 | 1 | 16 | 16 | Search | -347129 | -347129 | Global Improvement.
0 | 1 | 17 | 17 | Search | -347143 | -347143 | Global Improvement.
0 | 1 | 18 | 18 | Search | -347149 | -347149 | Global Improvement.
0 | 1 | 19 | 19 | Search | -347163 | -347163 | Global Improvement.
0 | 1 | 21 | 21 | Search | -347185 | -347185 | Global Improvement.
0 | 1 | 23 | 23 | Search | -347261 | -347261 | Global Improvement.
0 | 1 | 28 | 28 | Search | -347295 | -347295 | Global Improvement.
1 | 1 | 29 | 29 | Search | -347367 | -347367 | Global Improvement.
1 | 1 | 30 | 30 | Search | -347383 | -347383 | Global Improvement.
1 | 1 | 31 | 31 | Search | -347389 | -347389 | Global Improvement.
1 | 1 | 32 | 32 | Search | -347393 | -347393 | Global Improvement.
1 | 1 | 35 | 35 | Search | -347418 | -347418 | Global Improvement.
1 | 1 | 36 | 36 | Search | -347448 | -347448 | Global Improvement.
1 | 1 | 37 | 37 | Search | -347458 | -347458 | Global Improvement.
1 | 1 | 38 | 38 | Search | -347464 | -347464 | Global Improvement.
1 | 1 | 39 | 39 | Search | -347466 | -347466 | Global Improvement.
1 | 1 | 40 | 40 | Search | -347504 | -347504 | Global Improvement.
1 | 1 | 41 | 41 | Search | -347520 | -347520 | Global Improvement.
1 | 1 | 47 | 47 | Search | -347526 | -347526 | Global Improvement.
1 | 1 | 49 | 49 | Search | -347584 | -347584 | Global Improvement.
1 | 1 | 50 | 50 | Search | -347630 | -347630 | Global Improvement.
1 | 1 | 51 | 51 | Search | -347652 | -347652 | Global Improvement.
1 | 1 | 53 | 53 | Search | -347679 | -347679 | Global Improvement.
1 | 1 | 56 | 56 | Search | -347747 | -347747 | Global Improvement.
1 | 1 | 57 | 57 | Search | -347755 | -347755 | Global Improvement.

 Optimization finished in 2.610654686s. 
 Objective of best solution found: -347755
Time(ms) | Phase nr. | It | Phase It | Phase Type | objective | best obj. | move type
0 | 1 | 1 | 1 | Search | -345664 | -345664 | Global Improvement.
0 | 1 | 2 | 2 | Search | -345900 | -345900 | Global Improvement.
0 | 1 | 3 | 3 | Search | -346140 | -346140 | Global Improvement.
0 | 1 | 4 | 4 | Search | -346308 | -346308 | Global Improvement.
0 | 1 | 5 | 5 | Search | -346418 | -346418 | Global Improvement.
0 | 1 | 6 | 6 | Search | -346510 | -346510 | Global Improvement.
0 | 1 | 7 | 7 | Search | -346590 | -346590 | Global Improvement.
0 | 1 | 8 | 8 | Search | -346685 | -346685 | Global Improvement.
0 | 1 | 9 | 9 | Search | -346749 | -346749 | Global Improvement.
0 | 1 | 10 | 10 | Search | -346863 | -346863 | Global Improvement.
0 | 1 | 11 | 11 | Search | -346919 | -346919 | Global Improvement.
0 | 1 | 12 | 12 | Search | -346999 | -346999 | Global Improvement.
0 | 1 | 13 | 13 | Search | -347045 | -347045 | Global Improvement.
0 | 1 | 14 | 14 | Search | -347071 | -347071 | Global Improvement.
0 | 1 | 15 | 15 | Search | -347105 | -347105 | Global Improvement.
0 | 1 | 16 | 16 | Search | -347129 | -347129 | Global Improvement.
0 | 1 | 17 | 17 | Search | -347143 | -347143 | Global Improvement.
0 | 1 | 18 | 18 | Search | -347149 | -347149 | Global Improvement.
0 | 1 | 19 | 19 | Search | -347163 | -347163 | Global Improvement.
0 | 1 | 21 | 21 | Search | -347185 | -347185 | Global Improvement.
0 | 1 | 23 | 23 | Search | -347261 | -347261 | Global Improvement.
1 | 1 | 28 | 28 | Search | -347295 | -347295 | Global Improvement.
1 | 1 | 29 | 29 | Search | -347367 | -347367 | Global Improvement.
1 | 1 | 30 | 30 | Search | -347383 | -347383 | Global Improvement.
1 | 1 | 31 | 31 | Search | -347389 | -347389 | Global Improvement.
1 | 1 | 32 | 32 | Search | -347393 | -347393 | Global Improvement.
1 | 1 | 35 | 35 | Search | -347418 | -347418 | Global Improvement.
1 | 1 | 36 | 36 | Search | -347448 | -347448 | Global Improvement.
1 | 1 | 37 | 37 | Search | -347458 | -347458 | Global Improvement.
1 | 1 | 38 | 38 | Search | -347464 | -347464 | Global Improvement.
1 | 1 | 39 | 39 | Search | -347466 | -347466 | Global Improvement.
1 | 1 | 40 | 40 | Search | -347504 | -347504 | Global Improvement.
1 | 1 | 41 | 41 | Search | -347520 | -347520 | Global Improvement.
1 | 1 | 47 | 47 | Search | -347526 | -347526 | Global Improvement.
1 | 1 | 49 | 49 | Search | -347584 | -347584 | Global Improvement.
1 | 1 | 50 | 50 | Search | -347630 | -347630 | Global Improvement.
2 | 1 | 51 | 51 | Search | -347652 | -347652 | Global Improvement.
2 | 1 | 53 | 53 | Search | -347679 | -347679 | Global Improvement.
2 | 1 | 56 | 56 | Search | -347747 | -347747 | Global Improvement.
2 | 1 | 57 | 57 | Search | -347755 | -347755 | Global Improvement.

 Optimization finished in 0.082258816s. 
 Objective of best solution found: -347755

best tr=0.05 with 99.98820818743988
